#
# There is insufficient memory for the Java Runtime Environment to continue.
# Native memory allocation (malloc) failed to allocate 1098736 bytes for Chunk::new
# Possible reasons:
#   The system is out of physical RAM or swap space
#   The process is running with CompressedOops enabled, and the Java Heap may be blocking the growth of the native heap
# Possible solutions:
#   Reduce memory load on the system
#   Increase physical memory or swap space
#   Check if swap backing store is full
#   Decrease Java heap size (-Xmx/-Xms)
#   Decrease number of Java threads
#   Decrease Java thread stack sizes (-Xss)
#   Set larger code cache with -XX:ReservedCodeCacheSize=
#   JVM is running with Unscaled Compressed Oops mode in which the Java heap is
#     placed in the first 4GB address space. The Java Heap base address is the
#     maximum limit for the native heap growth. Please use -XX:HeapBaseMinAddress
#     to set the Java Heap base and to place the Java Heap above 4GB virtual address.
# This output file may be truncated or incomplete.
#
#  Out of Memory Error (./src/hotspot/share/memory/arena.cpp:197), pid=2812, tid=12572
#
# JRE version: OpenJDK Runtime Environment (11.0.13) (build 11.0.13+0-b1751.21-8125866)
# Java VM: OpenJDK 64-Bit Server VM (11.0.13+0-b1751.21-8125866, mixed mode, tiered, compressed oops, g1 gc, windows-amd64)
# No core dump will be written. Minidumps are not enabled by default on client versions of Windows
#

---------------  S U M M A R Y ------------

Command Line: --add-opens=java.base/java.util=ALL-UNNAMED --add-opens=java.base/java.lang=ALL-UNNAMED --add-opens=java.base/java.lang.invoke=ALL-UNNAMED --add-opens=java.base/java.util=ALL-UNNAMED --add-opens=java.prefs/java.util.prefs=ALL-UNNAMED --add-opens=java.prefs/java.util.prefs=ALL-UNNAMED --add-opens=java.base/java.nio.charset=ALL-UNNAMED --add-opens=java.base/java.net=ALL-UNNAMED --add-opens=java.base/java.util.concurrent.atomic=ALL-UNNAMED -Xmx2048m -Dfile.encoding=UTF-8 -Duser.country=US -Duser.language=en -Duser.variant org.gradle.launcher.daemon.bootstrap.GradleDaemon 7.4

Host: Intel(R) Core(TM) i3-6006U CPU @ 2.00GHz, 4 cores, 7G,  Windows 10 , 64 bit Build 19041 (10.0.19041.2251)
Time: Sat Dec 10 17:19:53 2022 SE Asia Standard Time elapsed time: 186.985545 seconds (0d 0h 3m 6s)

---------------  T H R E A D  ---------------

Current thread (0x0000027e11404800):  JavaThread "C2 CompilerThread0" daemon [_thread_in_native, id=12572, stack(0x000000d5c9200000,0x000000d5c9300000)]


Current CompileTask:
C2: 186985 18351       4       com.android.tools.r8.graph.q2::a (731 bytes)

Stack: [0x000000d5c9200000,0x000000d5c9300000]
Native frames: (J=compiled Java code, j=interpreted, Vv=VM code, C=native code)
V  [jvm.dll+0x6100fa]
V  [jvm.dll+0x747090]
V  [jvm.dll+0x7486ad]
V  [jvm.dll+0x748d83]
V  [jvm.dll+0x24ab48]
V  [jvm.dll+0xc04dc]
V  [jvm.dll+0xc0a0c]
V  [jvm.dll+0x35eb5b]
V  [jvm.dll+0x32b833]
V  [jvm.dll+0x32ad2a]
V  [jvm.dll+0x2032b2]
V  [jvm.dll+0x202437]
V  [jvm.dll+0x188e01]
V  [jvm.dll+0x21106b]
V  [jvm.dll+0x20f8c1]
V  [jvm.dll+0x70de0f]
V  [jvm.dll+0x706a75]
V  [jvm.dll+0x60ed66]
C  [ucrtbase.dll+0x21bb2]
C  [KERNEL32.DLL+0x174b4]
C  [ntdll.dll+0x526a1]


---------------  P R O C E S S  ---------------

Threads class SMR info:
_java_thread_list=0x0000027e1b4bdec0, length=89, elements={
0x0000027e777bc000, 0x0000027e113dc000, 0x0000027e113e6000, 0x0000027e113fb800,
0x0000027e113fc800, 0x0000027e11400000, 0x0000027e11404800, 0x0000027e11409800,
0x0000027e1140c000, 0x0000027e11eb5800, 0x0000027e12db2000, 0x0000027e13fa2800,
0x0000027e13f76800, 0x0000027e12276000, 0x0000027e13666800, 0x0000027e14873800,
0x0000027e14874000, 0x0000027e14877800, 0x0000027e14875000, 0x0000027e14875800,
0x0000027e14879000, 0x0000027e14876800, 0x0000027e14878000, 0x0000027e1487a000,
0x0000027e1430a800, 0x0000027e1430c000, 0x0000027e15858000, 0x0000027e15854000,
0x0000027e1584f000, 0x0000027e15851800, 0x0000027e15852000, 0x0000027e15853000,
0x0000027e1584e000, 0x0000027e15854800, 0x0000027e15850800, 0x0000027e1584f800,
0x0000027e15856800, 0x0000027e1585a800, 0x0000027e15855800, 0x0000027e15859800,
0x0000027e1585d000, 0x0000027e1585b000, 0x0000027e1585c000, 0x0000027e15857000,
0x0000027e1430f000, 0x0000027e1430b000, 0x0000027e1430d000, 0x0000027e14313800,
0x0000027e14310000, 0x0000027e14311800, 0x0000027e14312800, 0x0000027e1430e800,
0x0000027e1430d800, 0x0000027e14314000, 0x0000027e14317800, 0x0000027e14316800,
0x0000027e14315000, 0x0000027e14316000, 0x0000027e14318000, 0x0000027e14319000,
0x0000027e1df23000, 0x0000027e1df1d800, 0x0000027e1df21000, 0x0000027e1df21800,
0x0000027e1df22800, 0x0000027e1df24000, 0x0000027e1df20000, 0x0000027e1df1f000,
0x0000027e1df1e800, 0x0000027e1df25000, 0x0000027e1df26800, 0x0000027e1df2a000,
0x0000027e1df2a800, 0x0000027e1df2b800, 0x0000027e1df25800, 0x0000027e1df27800,
0x0000027e1df2c000, 0x0000027e1df28000, 0x0000027e1df29000, 0x0000027e1a094800,
0x0000027e1a094000, 0x0000027e1a095800, 0x0000027e1a090800, 0x0000027e1a08f800,
0x0000027e1a097000, 0x0000027e1a091800, 0x0000027e1a098000, 0x0000027e1a092000,
0x0000027e1a098800
}

Java Threads: ( => current thread )
  0x0000027e777bc000 JavaThread "main" [_thread_blocked, id=2324, stack(0x000000d5c8600000,0x000000d5c8700000)]
  0x0000027e113dc000 JavaThread "Reference Handler" daemon [_thread_blocked, id=13392, stack(0x000000d5c8d00000,0x000000d5c8e00000)]
  0x0000027e113e6000 JavaThread "Finalizer" daemon [_thread_blocked, id=5416, stack(0x000000d5c8e00000,0x000000d5c8f00000)]
  0x0000027e113fb800 JavaThread "Signal Dispatcher" daemon [_thread_blocked, id=11552, stack(0x000000d5c8f00000,0x000000d5c9000000)]
  0x0000027e113fc800 JavaThread "Attach Listener" daemon [_thread_blocked, id=9328, stack(0x000000d5c9000000,0x000000d5c9100000)]
  0x0000027e11400000 JavaThread "Service Thread" daemon [_thread_blocked, id=14464, stack(0x000000d5c9100000,0x000000d5c9200000)]
=>0x0000027e11404800 JavaThread "C2 CompilerThread0" daemon [_thread_in_native, id=12572, stack(0x000000d5c9200000,0x000000d5c9300000)]
  0x0000027e11409800 JavaThread "C1 CompilerThread0" daemon [_thread_blocked, id=16360, stack(0x000000d5c9300000,0x000000d5c9400000)]
  0x0000027e1140c000 JavaThread "Sweeper thread" daemon [_thread_blocked, id=6024, stack(0x000000d5c9400000,0x000000d5c9500000)]
  0x0000027e11eb5800 JavaThread "Common-Cleaner" daemon [_thread_blocked, id=5080, stack(0x000000d5c9500000,0x000000d5c9600000)]
  0x0000027e12db2000 JavaThread "Daemon health stats" [_thread_blocked, id=9836, stack(0x000000d5c9a00000,0x000000d5c9b00000)]
  0x0000027e13fa2800 JavaThread "Incoming local TCP Connector on port 64834" [_thread_in_native, id=7620, stack(0x000000d5c9900000,0x000000d5c9a00000)]
  0x0000027e13f76800 JavaThread "Daemon periodic checks" [_thread_blocked, id=15500, stack(0x000000d5c9b00000,0x000000d5c9c00000)]
  0x0000027e12276000 JavaThread "Daemon" [_thread_blocked, id=12588, stack(0x000000d5c9c00000,0x000000d5c9d00000)]
  0x0000027e13666800 JavaThread "Daemon worker" [_thread_blocked, id=12992, stack(0x000000d5c9f00000,0x000000d5ca000000)]
  0x0000027e14873800 JavaThread "Cache worker for journal cache (C:\Users\ASUS\.gradle\caches\journal-1)" [_thread_blocked, id=10888, stack(0x000000d5ca400000,0x000000d5ca500000)]
  0x0000027e14874000 JavaThread "File lock request listener" [_thread_in_native, id=12076, stack(0x000000d5ca500000,0x000000d5ca600000)]
  0x0000027e14877800 JavaThread "Cache worker for file hash cache (C:\Users\ASUS\.gradle\caches\7.4\fileHashes)" [_thread_blocked, id=3280, stack(0x000000d5ca600000,0x000000d5ca700000)]
  0x0000027e14875000 JavaThread "File watcher server" daemon [_thread_in_native, id=17532, stack(0x000000d5ca800000,0x000000d5ca900000)]
  0x0000027e14875800 JavaThread "File watcher consumer" daemon [_thread_blocked, id=16380, stack(0x000000d5ca900000,0x000000d5caa00000)]
  0x0000027e14879000 JavaThread "jar transforms" [_thread_blocked, id=5420, stack(0x000000d5caa00000,0x000000d5cab00000)]
  0x0000027e14876800 JavaThread "jar transforms Thread 2" [_thread_blocked, id=13808, stack(0x000000d5cab00000,0x000000d5cac00000)]
  0x0000027e14878000 JavaThread "jar transforms Thread 3" [_thread_blocked, id=496, stack(0x000000d5cac00000,0x000000d5cad00000)]
  0x0000027e1487a000 JavaThread "jar transforms Thread 4" [_thread_blocked, id=4344, stack(0x000000d5cad00000,0x000000d5cae00000)]
  0x0000027e1430a800 JavaThread "Cache worker for execution history cache (C:\Users\ASUS\.gradle\caches\7.4\executionHistory)" [_thread_blocked, id=15140, stack(0x000000d5cb100000,0x000000d5cb200000)]
  0x0000027e1430c000 JavaThread "Cache worker for file content cache (C:\Users\ASUS\.gradle\caches\7.4\fileContent)" [_thread_blocked, id=15712, stack(0x000000d5cb300000,0x000000d5cb400000)]
  0x0000027e15858000 JavaThread "Memory manager" [_thread_blocked, id=1516, stack(0x000000d5c8500000,0x000000d5c8600000)]
  0x0000027e15854000 JavaThread "Handler for socket connection from /127.0.0.1:64834 to /127.0.0.1:65009" [_thread_in_native, id=17608, stack(0x000000d5c9d00000,0x000000d5c9e00000)]
  0x0000027e1584f000 JavaThread "Cancel handler" [_thread_blocked, id=4768, stack(0x000000d5c9e00000,0x000000d5c9f00000)]
  0x0000027e15851800 JavaThread "Asynchronous log dispatcher for DefaultDaemonConnection: socket connection from /127.0.0.1:64834 to /127.0.0.1:65009" [_thread_blocked, id=15644, stack(0x000000d5ca000000,0x000000d5ca100000)]
  0x0000027e15852000 JavaThread "Stdin handler" [_thread_blocked, id=12700, stack(0x000000d5ca100000,0x000000d5ca200000)]
  0x0000027e15853000 JavaThread "Daemon client event forwarder" [_thread_blocked, id=12708, stack(0x000000d5ca200000,0x000000d5ca300000)]
  0x0000027e1584e000 JavaThread "Cache worker for checksums cache (C:\Users\ASUS\AndroidStudioProjects\PendataanSeserahan\.gradle\7.4\checksums)" [_thread_blocked, id=8632, stack(0x000000d5cae00000,0x000000d5caf00000)]
  0x0000027e15854800 JavaThread "Cache worker for cache directory md-rule (C:\Users\ASUS\.gradle\caches\7.4\md-rule)" [_thread_blocked, id=16820, stack(0x000000d5caf00000,0x000000d5cb000000)]
  0x0000027e15850800 JavaThread "Cache worker for file hash cache (C:\Users\ASUS\AndroidStudioProjects\PendataanSeserahan\.gradle\7.4\fileHashes)" [_thread_blocked, id=12744, stack(0x000000d5cb000000,0x000000d5cb100000)]
  0x0000027e1584f800 JavaThread "Cache worker for cache directory md-supplier (C:\Users\ASUS\.gradle\caches\7.4\md-supplier)" [_thread_blocked, id=16272, stack(0x000000d5cb400000,0x000000d5cb500000)]
  0x0000027e15856800 JavaThread "Cache worker for dependencies-accessors (C:\Users\ASUS\AndroidStudioProjects\PendataanSeserahan\.gradle\7.4\dependencies-accessors)" [_thread_blocked, id=6752, stack(0x000000d5cb500000,0x000000d5cb600000)]
  0x0000027e1585a800 JavaThread "Cache worker for Build Output Cleanup Cache (C:\Users\ASUS\AndroidStudioProjects\PendataanSeserahan\.gradle\buildOutputCleanup)" [_thread_blocked, id=7172, stack(0x000000d5cb600000,0x000000d5cb700000)]
  0x0000027e15855800 JavaThread "Unconstrained build operations" [_thread_blocked, id=14868, stack(0x000000d5cb700000,0x000000d5cb800000)]
  0x0000027e15859800 JavaThread "Unconstrained build operations Thread 2" [_thread_blocked, id=8084, stack(0x000000d5cb800000,0x000000d5cb900000)]
  0x0000027e1585d000 JavaThread "Unconstrained build operations Thread 3" [_thread_blocked, id=7932, stack(0x000000d5cb900000,0x000000d5cba00000)]
  0x0000027e1585b000 JavaThread "Unconstrained build operations Thread 4" [_thread_blocked, id=10268, stack(0x000000d5cba00000,0x000000d5cbb00000)]
  0x0000027e1585c000 JavaThread "Unconstrained build operations Thread 5" [_thread_blocked, id=9784, stack(0x000000d5cbb00000,0x000000d5cbc00000)]
  0x0000027e15857000 JavaThread "Unconstrained build operations Thread 6" [_thread_in_native, id=15004, stack(0x000000d5cbc00000,0x000000d5cbd00000)]
  0x0000027e1430f000 JavaThread "Unconstrained build operations Thread 7" [_thread_blocked, id=8248, stack(0x000000d5cbd00000,0x000000d5cbe00000)]
  0x0000027e1430b000 JavaThread "Unconstrained build operations Thread 8" [_thread_blocked, id=13368, stack(0x000000d5cbe00000,0x000000d5cbf00000)]
  0x0000027e1430d000 JavaThread "Unconstrained build operations Thread 9" [_thread_blocked, id=11732, stack(0x000000d5cbf00000,0x000000d5cc000000)]
  0x0000027e14313800 JavaThread "Unconstrained build operations Thread 10" [_thread_blocked, id=14820, stack(0x000000d5cc000000,0x000000d5cc100000)]
  0x0000027e14310000 JavaThread "Unconstrained build operations Thread 11" [_thread_blocked, id=6272, stack(0x000000d5cc100000,0x000000d5cc200000)]
  0x0000027e14311800 JavaThread "Unconstrained build operations Thread 12" [_thread_blocked, id=17088, stack(0x000000d5cc200000,0x000000d5cc300000)]
  0x0000027e14312800 JavaThread "Unconstrained build operations Thread 13" [_thread_blocked, id=8260, stack(0x000000d5cc300000,0x000000d5cc400000)]
  0x0000027e1430e800 JavaThread "Unconstrained build operations Thread 14" [_thread_blocked, id=16064, stack(0x000000d5cc400000,0x000000d5cc500000)]
  0x0000027e1430d800 JavaThread "Unconstrained build operations Thread 15" [_thread_blocked, id=12524, stack(0x000000d5cc500000,0x000000d5cc600000)]
  0x0000027e14314000 JavaThread "Unconstrained build operations Thread 16" [_thread_blocked, id=1940, stack(0x000000d5cc600000,0x000000d5cc700000)]
  0x0000027e14317800 JavaThread "Unconstrained build operations Thread 17" [_thread_blocked, id=8720, stack(0x000000d5cc700000,0x000000d5cc800000)]
  0x0000027e14316800 JavaThread "Unconstrained build operations Thread 18" [_thread_blocked, id=824, stack(0x000000d5cc800000,0x000000d5cc900000)]
  0x0000027e14315000 JavaThread "Unconstrained build operations Thread 19" [_thread_blocked, id=14092, stack(0x000000d5cc900000,0x000000d5cca00000)]
  0x0000027e14316000 JavaThread "Unconstrained build operations Thread 20" [_thread_blocked, id=4680, stack(0x000000d5cca00000,0x000000d5ccb00000)]
  0x0000027e14318000 JavaThread "Unconstrained build operations Thread 21" [_thread_blocked, id=17484, stack(0x000000d5ccb00000,0x000000d5ccc00000)]
  0x0000027e14319000 JavaThread "Unconstrained build operations Thread 22" [_thread_blocked, id=3196, stack(0x000000d5ccc00000,0x000000d5ccd00000)]
  0x0000027e1df23000 JavaThread "Unconstrained build operations Thread 23" [_thread_blocked, id=13968, stack(0x000000d5ccd00000,0x000000d5cce00000)]
  0x0000027e1df1d800 JavaThread "Unconstrained build operations Thread 24" [_thread_blocked, id=14972, stack(0x000000d5cce00000,0x000000d5ccf00000)]
  0x0000027e1df21000 JavaThread "Unconstrained build operations Thread 25" [_thread_blocked, id=11828, stack(0x000000d5ccf00000,0x000000d5cd000000)]
  0x0000027e1df21800 JavaThread "Unconstrained build operations Thread 26" [_thread_blocked, id=18124, stack(0x000000d5cd000000,0x000000d5cd100000)]
  0x0000027e1df22800 JavaThread "Unconstrained build operations Thread 27" [_thread_blocked, id=17876, stack(0x000000d5cd100000,0x000000d5cd200000)]
  0x0000027e1df24000 JavaThread "Unconstrained build operations Thread 28" [_thread_blocked, id=17264, stack(0x000000d5cd200000,0x000000d5cd300000)]
  0x0000027e1df20000 JavaThread "Unconstrained build operations Thread 29" [_thread_blocked, id=18020, stack(0x000000d5cd300000,0x000000d5cd400000)]
  0x0000027e1df1f000 JavaThread "Unconstrained build operations Thread 30" [_thread_blocked, id=14592, stack(0x000000d5cd400000,0x000000d5cd500000)]
  0x0000027e1df1e800 JavaThread "Unconstrained build operations Thread 31" [_thread_blocked, id=2112, stack(0x000000d5cd500000,0x000000d5cd600000)]
  0x0000027e1df25000 JavaThread "Unconstrained build operations Thread 32" [_thread_blocked, id=11232, stack(0x000000d5cd600000,0x000000d5cd700000)]
  0x0000027e1df26800 JavaThread "Unconstrained build operations Thread 33" [_thread_blocked, id=11224, stack(0x000000d5cd700000,0x000000d5cd800000)]
  0x0000027e1df2a000 JavaThread "Unconstrained build operations Thread 34" [_thread_blocked, id=15472, stack(0x000000d5cd800000,0x000000d5cd900000)]
  0x0000027e1df2a800 JavaThread "Unconstrained build operations Thread 35" [_thread_blocked, id=976, stack(0x000000d5cd900000,0x000000d5cda00000)]
  0x0000027e1df2b800 JavaThread "Unconstrained build operations Thread 36" [_thread_blocked, id=6928, stack(0x000000d5cda00000,0x000000d5cdb00000)]
  0x0000027e1df25800 JavaThread "Unconstrained build operations Thread 37" [_thread_blocked, id=3812, stack(0x000000d5cdb00000,0x000000d5cdc00000)]
  0x0000027e1df27800 JavaThread "Unconstrained build operations Thread 38" [_thread_blocked, id=17648, stack(0x000000d5cdc00000,0x000000d5cdd00000)]
  0x0000027e1df2c000 JavaThread "Unconstrained build operations Thread 39" [_thread_blocked, id=14220, stack(0x000000d5cdd00000,0x000000d5cde00000)]
  0x0000027e1df28000 JavaThread "Unconstrained build operations Thread 40" [_thread_blocked, id=2148, stack(0x000000d5cde00000,0x000000d5cdf00000)]
  0x0000027e1df29000 JavaThread "build event listener" [_thread_blocked, id=13256, stack(0x000000d5cdf00000,0x000000d5ce000000)]
  0x0000027e1a094800 JavaThread "included builds" [_thread_in_Java, id=9608, stack(0x000000d5ce000000,0x000000d5ce100000)]
  0x0000027e1a094000 JavaThread "Execution worker for ':'" [_thread_blocked, id=11924, stack(0x000000d5ce100000,0x000000d5ce200000)]
  0x0000027e1a095800 JavaThread "Execution worker for ':' Thread 2" [_thread_blocked, id=1912, stack(0x000000d5ce200000,0x000000d5ce300000)]
  0x0000027e1a090800 JavaThread "Execution worker for ':' Thread 3" [_thread_blocked, id=18352, stack(0x000000d5ce300000,0x000000d5ce400000)]
  0x0000027e1a08f800 JavaThread "Cache worker for execution history cache (C:\Users\ASUS\AndroidStudioProjects\PendataanSeserahan\.gradle\7.4\executionHistory)" [_thread_blocked, id=15192, stack(0x000000d5ce400000,0x000000d5ce500000)]
  0x0000027e1a097000 JavaThread "WorkerExecutor Queue Thread 2" [_thread_blocked, id=13836, stack(0x000000d5ce600000,0x000000d5ce700000)]
  0x0000027e1a091800 JavaThread "WorkerExecutor Queue Thread 3" [_thread_blocked, id=18160, stack(0x000000d5c8400000,0x000000d5c8500000)]
  0x0000027e1a098000 JavaThread "WorkerExecutor Queue Thread 4" [_thread_blocked, id=12760, stack(0x000000d5ce700000,0x000000d5ce800000)]
  0x0000027e1a092000 JavaThread "WorkerExecutor Queue Thread 5" [_thread_blocked, id=5052, stack(0x000000d5ce500000,0x000000d5ce600000)]
  0x0000027e1a098800 JavaThread "File lock release action executor" [_thread_blocked, id=17880, stack(0x000000d5ca700000,0x000000d5ca800000)]

Other Threads:
  0x0000027e113d9800 VMThread "VM Thread" [stack: 0x000000d5c8c00000,0x000000d5c8d00000] [id=12248]
  0x0000027e11ecf000 WatcherThread [stack: 0x000000d5c9600000,0x000000d5c9700000] [id=6592]
  0x0000027e777d5000 GCTaskThread "GC Thread#0" [stack: 0x000000d5c8700000,0x000000d5c8800000] [id=13072]
  0x0000027e1211e800 GCTaskThread "GC Thread#1" [stack: 0x000000d5c9700000,0x000000d5c9800000] [id=7392]
  0x0000027e12587000 GCTaskThread "GC Thread#2" [stack: 0x000000d5c9800000,0x000000d5c9900000] [id=13112]
  0x0000027e14e5e800 GCTaskThread "GC Thread#3" [stack: 0x000000d5ca300000,0x000000d5ca400000] [id=3092]
  0x0000027e77804800 ConcurrentGCThread "G1 Main Marker" [stack: 0x000000d5c8800000,0x000000d5c8900000] [id=1104]
  0x0000027e77805800 ConcurrentGCThread "G1 Conc#0" [stack: 0x000000d5c8900000,0x000000d5c8a00000] [id=11316]
  0x0000027e77888800 ConcurrentGCThread "G1 Refine#0" [stack: 0x000000d5c8a00000,0x000000d5c8b00000] [id=7616]
  0x0000027e11230800 ConcurrentGCThread "G1 Young RemSet Sampling" [stack: 0x000000d5c8b00000,0x000000d5c8c00000] [id=14300]

Threads with active compile tasks:
C2 CompilerThread0 187027 18351       4       com.android.tools.r8.graph.q2::a (731 bytes)

VM state:not at safepoint (normal execution)

VM Mutex/Monitor currently owned by a thread: None

Heap address: 0x0000000080000000, size: 2048 MB, Compressed Oops mode: 32-bit
Narrow klass base: 0x0000000000000000, Narrow klass shift: 3
Compressed class space size: 1073741824 Address: 0x0000000100000000

Heap:
 garbage-first heap   total 276480K, used 216063K [0x0000000080000000, 0x0000000100000000)
  region size 1024K, 24 young (24576K), 4 survivors (4096K)
 Metaspace       used 129943K, capacity 133240K, committed 133448K, reserved 1165312K
  class space    used 16162K, capacity 17366K, committed 17408K, reserved 1048576K
Heap Regions: E=young(eden), S=young(survivor), O=old, HS=humongous(starts), HC=humongous(continues), CS=collection set, F=free, A=archive, TAMS=top-at-mark-start (previous, next)
|   0|0x0000000080000000, 0x0000000080100000, 0x0000000080100000|100%|HS|  |TAMS 0x0000000080100000, 0x0000000080000000| Complete 
|   1|0x0000000080100000, 0x0000000080200000, 0x0000000080200000|100%|HC|  |TAMS 0x0000000080200000, 0x0000000080100000| Complete 
|   2|0x0000000080200000, 0x0000000080300000, 0x0000000080300000|100%|HC|  |TAMS 0x0000000080300000, 0x0000000080200000| Complete 
|   3|0x0000000080300000, 0x0000000080400000, 0x0000000080400000|100%| O|  |TAMS 0x0000000080400000, 0x0000000080300000| Untracked 
|   4|0x0000000080400000, 0x0000000080500000, 0x0000000080500000|100%| O|  |TAMS 0x0000000080500000, 0x0000000080400000| Untracked 
|   5|0x0000000080500000, 0x00000000805ffff8, 0x0000000080600000| 99%| O|  |TAMS 0x00000000805ffff8, 0x0000000080500000| Untracked 
|   6|0x0000000080600000, 0x0000000080700000, 0x0000000080700000|100%| O|  |TAMS 0x0000000080700000, 0x0000000080600000| Untracked 
|   7|0x0000000080700000, 0x0000000080800000, 0x0000000080800000|100%| O|  |TAMS 0x0000000080800000, 0x0000000080700000| Untracked 
|   8|0x0000000080800000, 0x0000000080900000, 0x0000000080900000|100%| O|  |TAMS 0x0000000080900000, 0x0000000080800000| Untracked 
|   9|0x0000000080900000, 0x0000000080a00000, 0x0000000080a00000|100%| O|  |TAMS 0x0000000080a00000, 0x0000000080900000| Untracked 
|  10|0x0000000080a00000, 0x0000000080b00000, 0x0000000080b00000|100%| O|  |TAMS 0x0000000080b00000, 0x0000000080a00000| Untracked 
|  11|0x0000000080b00000, 0x0000000080c00000, 0x0000000080c00000|100%| O|  |TAMS 0x0000000080c00000, 0x0000000080b00000| Untracked 
|  12|0x0000000080c00000, 0x0000000080d00000, 0x0000000080d00000|100%| O|  |TAMS 0x0000000080d00000, 0x0000000080c00000| Untracked 
|  13|0x0000000080d00000, 0x0000000080e00000, 0x0000000080e00000|100%| O|  |TAMS 0x0000000080e00000, 0x0000000080d00000| Untracked 
|  14|0x0000000080e00000, 0x0000000080f00000, 0x0000000080f00000|100%| O|  |TAMS 0x0000000080f00000, 0x0000000080e00000| Untracked 
|  15|0x0000000080f00000, 0x0000000081000000, 0x0000000081000000|100%| O|  |TAMS 0x0000000081000000, 0x0000000080f00000| Untracked 
|  16|0x0000000081000000, 0x0000000081100000, 0x0000000081100000|100%|HS|  |TAMS 0x0000000081100000, 0x0000000081000000| Complete 
|  17|0x0000000081100000, 0x0000000081200000, 0x0000000081200000|100%|HC|  |TAMS 0x0000000081200000, 0x0000000081100000| Complete 
|  18|0x0000000081200000, 0x0000000081300000, 0x0000000081300000|100%|HS|  |TAMS 0x0000000081300000, 0x0000000081200000| Complete 
|  19|0x0000000081300000, 0x0000000081400000, 0x0000000081400000|100%|HC|  |TAMS 0x0000000081400000, 0x0000000081300000| Complete 
|  20|0x0000000081400000, 0x0000000081500000, 0x0000000081500000|100%|HC|  |TAMS 0x0000000081500000, 0x0000000081400000| Complete 
|  21|0x0000000081500000, 0x0000000081600000, 0x0000000081600000|100%|HS|  |TAMS 0x0000000081600000, 0x0000000081500000| Complete 
|  22|0x0000000081600000, 0x0000000081700000, 0x0000000081700000|100%|HC|  |TAMS 0x0000000081700000, 0x0000000081600000| Complete 
|  23|0x0000000081700000, 0x0000000081800000, 0x0000000081800000|100%|HC|  |TAMS 0x0000000081800000, 0x0000000081700000| Complete 
|  24|0x0000000081800000, 0x0000000081900000, 0x0000000081900000|100%|HS|  |TAMS 0x0000000081900000, 0x0000000081800000| Complete 
|  25|0x0000000081900000, 0x0000000081a00000, 0x0000000081a00000|100%|HC|  |TAMS 0x0000000081a00000, 0x0000000081900000| Complete 
|  26|0x0000000081a00000, 0x0000000081b00000, 0x0000000081b00000|100%|HC|  |TAMS 0x0000000081b00000, 0x0000000081a00000| Complete 
|  27|0x0000000081b00000, 0x0000000081c00000, 0x0000000081c00000|100%|HC|  |TAMS 0x0000000081c00000, 0x0000000081b00000| Complete 
|  28|0x0000000081c00000, 0x0000000081d00000, 0x0000000081d00000|100%|HC|  |TAMS 0x0000000081d00000, 0x0000000081c00000| Complete 
|  29|0x0000000081d00000, 0x0000000081e00000, 0x0000000081e00000|100%| O|  |TAMS 0x0000000081e00000, 0x0000000081d00000| Untracked 
|  30|0x0000000081e00000, 0x0000000081f00000, 0x0000000081f00000|100%| O|  |TAMS 0x0000000081f00000, 0x0000000081e00000| Untracked 
|  31|0x0000000081f00000, 0x0000000082000000, 0x0000000082000000|100%| O|  |TAMS 0x0000000082000000, 0x0000000081f00000| Untracked 
|  32|0x0000000082000000, 0x0000000082100000, 0x0000000082100000|100%|HS|  |TAMS 0x0000000082100000, 0x0000000082000000| Complete 
|  33|0x0000000082100000, 0x0000000082200000, 0x0000000082200000|100%|HC|  |TAMS 0x0000000082200000, 0x0000000082100000| Complete 
|  34|0x0000000082200000, 0x0000000082300000, 0x0000000082300000|100%|HC|  |TAMS 0x0000000082300000, 0x0000000082200000| Complete 
|  35|0x0000000082300000, 0x0000000082400000, 0x0000000082400000|100%| O|  |TAMS 0x0000000082400000, 0x0000000082300000| Untracked 
|  36|0x0000000082400000, 0x0000000082500000, 0x0000000082500000|100%| O|  |TAMS 0x0000000082500000, 0x0000000082400000| Untracked 
|  37|0x0000000082500000, 0x0000000082600000, 0x0000000082600000|100%| O|  |TAMS 0x0000000082600000, 0x0000000082500000| Untracked 
|  38|0x0000000082600000, 0x0000000082700000, 0x0000000082700000|100%| O|  |TAMS 0x0000000082700000, 0x0000000082600000| Untracked 
|  39|0x0000000082700000, 0x0000000082800000, 0x0000000082800000|100%|HS|  |TAMS 0x0000000082800000, 0x0000000082700000| Complete 
|  40|0x0000000082800000, 0x0000000082900000, 0x0000000082900000|100%|HC|  |TAMS 0x0000000082900000, 0x0000000082800000| Complete 
|  41|0x0000000082900000, 0x0000000082a00000, 0x0000000082a00000|100%|HC|  |TAMS 0x0000000082a00000, 0x0000000082900000| Complete 
|  42|0x0000000082a00000, 0x0000000082b00000, 0x0000000082b00000|100%|HC|  |TAMS 0x0000000082b00000, 0x0000000082a00000| Complete 
|  43|0x0000000082b00000, 0x0000000082c00000, 0x0000000082c00000|100%|HS|  |TAMS 0x0000000082c00000, 0x0000000082b00000| Complete 
|  44|0x0000000082c00000, 0x0000000082d00000, 0x0000000082d00000|100%|HC|  |TAMS 0x0000000082d00000, 0x0000000082c00000| Complete 
|  45|0x0000000082d00000, 0x0000000082e00000, 0x0000000082e00000|100%|HS|  |TAMS 0x0000000082e00000, 0x0000000082d00000| Complete 
|  46|0x0000000082e00000, 0x0000000082f00000, 0x0000000082f00000|100%|HC|  |TAMS 0x0000000082f00000, 0x0000000082e00000| Complete 
|  47|0x0000000082f00000, 0x0000000083000000, 0x0000000083000000|100%|HC|  |TAMS 0x0000000083000000, 0x0000000082f00000| Complete 
|  48|0x0000000083000000, 0x0000000083100000, 0x0000000083100000|100%| O|  |TAMS 0x0000000083100000, 0x0000000083000000| Untracked 
|  49|0x0000000083100000, 0x0000000083200000, 0x0000000083200000|100%| O|  |TAMS 0x0000000083200000, 0x0000000083100000| Untracked 
|  50|0x0000000083200000, 0x0000000083300000, 0x0000000083300000|100%| O|  |TAMS 0x0000000083300000, 0x0000000083200000| Untracked 
|  51|0x0000000083300000, 0x0000000083400000, 0x0000000083400000|100%| O|  |TAMS 0x0000000083400000, 0x0000000083300000| Untracked 
|  52|0x0000000083400000, 0x0000000083500000, 0x0000000083500000|100%| O|  |TAMS 0x0000000083500000, 0x0000000083400000| Untracked 
|  53|0x0000000083500000, 0x0000000083600000, 0x0000000083600000|100%| O|  |TAMS 0x0000000083600000, 0x0000000083500000| Untracked 
|  54|0x0000000083600000, 0x0000000083700000, 0x0000000083700000|100%| O|  |TAMS 0x0000000083700000, 0x0000000083600000| Untracked 
|  55|0x0000000083700000, 0x0000000083800000, 0x0000000083800000|100%| O|  |TAMS 0x0000000083800000, 0x0000000083700000| Untracked 
|  56|0x0000000083800000, 0x0000000083900000, 0x0000000083900000|100%| O|  |TAMS 0x0000000083900000, 0x0000000083800000| Untracked 
|  57|0x0000000083900000, 0x0000000083a00000, 0x0000000083a00000|100%| O|  |TAMS 0x0000000083a00000, 0x0000000083900000| Untracked 
|  58|0x0000000083a00000, 0x0000000083b00000, 0x0000000083b00000|100%| O|  |TAMS 0x0000000083b00000, 0x0000000083a00000| Untracked 
|  59|0x0000000083b00000, 0x0000000083c00000, 0x0000000083c00000|100%| O|  |TAMS 0x0000000083c00000, 0x0000000083b00000| Untracked 
|  60|0x0000000083c00000, 0x0000000083d00000, 0x0000000083d00000|100%| O|  |TAMS 0x0000000083d00000, 0x0000000083c00000| Untracked 
|  61|0x0000000083d00000, 0x0000000083e00000, 0x0000000083e00000|100%|HS|  |TAMS 0x0000000083e00000, 0x0000000083d00000| Complete 
|  62|0x0000000083e00000, 0x0000000083f00000, 0x0000000083f00000|100%|HC|  |TAMS 0x0000000083f00000, 0x0000000083e00000| Complete 
|  63|0x0000000083f00000, 0x0000000084000000, 0x0000000084000000|100%|HC|  |TAMS 0x0000000084000000, 0x0000000083f00000| Complete 
|  64|0x0000000084000000, 0x0000000084100000, 0x0000000084100000|100%|HC|  |TAMS 0x0000000084100000, 0x0000000084000000| Complete 
|  65|0x0000000084100000, 0x0000000084200000, 0x0000000084200000|100%|HC|  |TAMS 0x0000000084200000, 0x0000000084100000| Complete 
|  66|0x0000000084200000, 0x0000000084300000, 0x0000000084300000|100%| O|  |TAMS 0x0000000084300000, 0x0000000084200000| Untracked 
|  67|0x0000000084300000, 0x0000000084400000, 0x0000000084400000|100%| O|  |TAMS 0x0000000084400000, 0x0000000084300000| Untracked 
|  68|0x0000000084400000, 0x0000000084500000, 0x0000000084500000|100%| O|  |TAMS 0x0000000084500000, 0x0000000084400000| Untracked 
|  69|0x0000000084500000, 0x0000000084600000, 0x0000000084600000|100%| O|  |TAMS 0x0000000084600000, 0x0000000084500000| Untracked 
|  70|0x0000000084600000, 0x0000000084700000, 0x0000000084700000|100%| O|  |TAMS 0x0000000084700000, 0x0000000084600000| Untracked 
|  71|0x0000000084700000, 0x0000000084800000, 0x0000000084800000|100%| O|  |TAMS 0x0000000084800000, 0x0000000084700000| Untracked 
|  72|0x0000000084800000, 0x0000000084900000, 0x0000000084900000|100%|HS|  |TAMS 0x0000000084900000, 0x0000000084800000| Complete 
|  73|0x0000000084900000, 0x0000000084a00000, 0x0000000084a00000|100%|HS|  |TAMS 0x0000000084a00000, 0x0000000084900000| Complete 
|  74|0x0000000084a00000, 0x0000000084b00000, 0x0000000084b00000|100%| O|  |TAMS 0x0000000084b00000, 0x0000000084a00000| Untracked 
|  75|0x0000000084b00000, 0x0000000084c00000, 0x0000000084c00000|100%| O|  |TAMS 0x0000000084c00000, 0x0000000084b00000| Untracked 
|  76|0x0000000084c00000, 0x0000000084d00000, 0x0000000084d00000|100%| O|  |TAMS 0x0000000084d00000, 0x0000000084c00000| Untracked 
|  77|0x0000000084d00000, 0x0000000084e00000, 0x0000000084e00000|100%| O|  |TAMS 0x0000000084e00000, 0x0000000084d00000| Untracked 
|  78|0x0000000084e00000, 0x0000000084f00000, 0x0000000084f00000|100%| O|  |TAMS 0x0000000084f00000, 0x0000000084e00000| Untracked 
|  79|0x0000000084f00000, 0x0000000085000000, 0x0000000085000000|100%|HS|  |TAMS 0x0000000085000000, 0x0000000084f00000| Complete 
|  80|0x0000000085000000, 0x0000000085100000, 0x0000000085100000|100%|HC|  |TAMS 0x0000000085100000, 0x0000000085000000| Complete 
|  81|0x0000000085100000, 0x0000000085200000, 0x0000000085200000|100%| O|  |TAMS 0x0000000085200000, 0x0000000085100000| Untracked 
|  82|0x0000000085200000, 0x0000000085300000, 0x0000000085300000|100%| O|  |TAMS 0x0000000085300000, 0x0000000085200000| Untracked 
|  83|0x0000000085300000, 0x0000000085400000, 0x0000000085400000|100%| O|  |TAMS 0x0000000085400000, 0x0000000085300000| Untracked 
|  84|0x0000000085400000, 0x0000000085500000, 0x0000000085500000|100%| O|  |TAMS 0x0000000085500000, 0x0000000085400000| Untracked 
|  85|0x0000000085500000, 0x0000000085600000, 0x0000000085600000|100%| O|  |TAMS 0x0000000085600000, 0x0000000085500000| Untracked 
|  86|0x0000000085600000, 0x0000000085700000, 0x0000000085700000|100%| O|  |TAMS 0x0000000085700000, 0x0000000085600000| Untracked 
|  87|0x0000000085700000, 0x0000000085800000, 0x0000000085800000|100%| O|  |TAMS 0x0000000085800000, 0x0000000085700000| Untracked 
|  88|0x0000000085800000, 0x0000000085900000, 0x0000000085900000|100%| O|  |TAMS 0x0000000085900000, 0x0000000085800000| Untracked 
|  89|0x0000000085900000, 0x0000000085a00000, 0x0000000085a00000|100%| O|  |TAMS 0x0000000085a00000, 0x0000000085900000| Untracked 
|  90|0x0000000085a00000, 0x0000000085b00000, 0x0000000085b00000|100%| O|  |TAMS 0x0000000085b00000, 0x0000000085a00000| Untracked 
|  91|0x0000000085b00000, 0x0000000085c00000, 0x0000000085c00000|100%| O|  |TAMS 0x0000000085c00000, 0x0000000085b00000| Untracked 
|  92|0x0000000085c00000, 0x0000000085d00000, 0x0000000085d00000|100%| O|  |TAMS 0x0000000085d00000, 0x0000000085c00000| Untracked 
|  93|0x0000000085d00000, 0x0000000085e00000, 0x0000000085e00000|100%| O|  |TAMS 0x0000000085e00000, 0x0000000085d00000| Untracked 
|  94|0x0000000085e00000, 0x0000000085f00000, 0x0000000085f00000|100%| O|  |TAMS 0x0000000085f00000, 0x0000000085e00000| Untracked 
|  95|0x0000000085f00000, 0x0000000086000000, 0x0000000086000000|100%| O|  |TAMS 0x0000000086000000, 0x0000000085f00000| Untracked 
|  96|0x0000000086000000, 0x0000000086100000, 0x0000000086100000|100%|HS|  |TAMS 0x0000000086100000, 0x0000000086000000| Complete 
|  97|0x0000000086100000, 0x0000000086200000, 0x0000000086200000|100%| O|  |TAMS 0x0000000086200000, 0x0000000086100000| Untracked 
|  98|0x0000000086200000, 0x0000000086300000, 0x0000000086300000|100%| O|  |TAMS 0x0000000086300000, 0x0000000086200000| Untracked 
|  99|0x0000000086300000, 0x0000000086400000, 0x0000000086400000|100%|HS|  |TAMS 0x0000000086400000, 0x0000000086300000| Complete 
| 100|0x0000000086400000, 0x0000000086500000, 0x0000000086500000|100%|HC|  |TAMS 0x0000000086500000, 0x0000000086400000| Complete 
| 101|0x0000000086500000, 0x0000000086600000, 0x0000000086600000|100%|HC|  |TAMS 0x0000000086600000, 0x0000000086500000| Complete 
| 102|0x0000000086600000, 0x0000000086700000, 0x0000000086700000|100%|HC|  |TAMS 0x0000000086700000, 0x0000000086600000| Complete 
| 103|0x0000000086700000, 0x0000000086800000, 0x0000000086800000|100%|HS|  |TAMS 0x0000000086800000, 0x0000000086700000| Complete 
| 104|0x0000000086800000, 0x0000000086900000, 0x0000000086900000|100%|HC|  |TAMS 0x0000000086900000, 0x0000000086800000| Complete 
| 105|0x0000000086900000, 0x0000000086a00000, 0x0000000086a00000|100%|HS|  |TAMS 0x0000000086a00000, 0x0000000086900000| Complete 
| 106|0x0000000086a00000, 0x0000000086b00000, 0x0000000086b00000|100%|HC|  |TAMS 0x0000000086b00000, 0x0000000086a00000| Complete 
| 107|0x0000000086b00000, 0x0000000086c00000, 0x0000000086c00000|100%|HC|  |TAMS 0x0000000086c00000, 0x0000000086b00000| Complete 
| 108|0x0000000086c00000, 0x0000000086d00000, 0x0000000086d00000|100%|HS|  |TAMS 0x0000000086d00000, 0x0000000086c00000| Complete 
| 109|0x0000000086d00000, 0x0000000086e00000, 0x0000000086e00000|100%|HC|  |TAMS 0x0000000086e00000, 0x0000000086d00000| Complete 
| 110|0x0000000086e00000, 0x0000000086f00000, 0x0000000086f00000|100%|HC|  |TAMS 0x0000000086f00000, 0x0000000086e00000| Complete 
| 111|0x0000000086f00000, 0x0000000087000000, 0x0000000087000000|100%|HS|  |TAMS 0x0000000087000000, 0x0000000086f00000| Complete 
| 112|0x0000000087000000, 0x0000000087100000, 0x0000000087100000|100%|HC|  |TAMS 0x0000000087100000, 0x0000000087000000| Complete 
| 113|0x0000000087100000, 0x0000000087200000, 0x0000000087200000|100%|HC|  |TAMS 0x0000000087200000, 0x0000000087100000| Complete 
| 114|0x0000000087200000, 0x0000000087300000, 0x0000000087300000|100%|HC|  |TAMS 0x0000000087300000, 0x0000000087200000| Complete 
| 115|0x0000000087300000, 0x0000000087400000, 0x0000000087400000|100%|HC|  |TAMS 0x0000000087400000, 0x0000000087300000| Complete 
| 116|0x0000000087400000, 0x0000000087500000, 0x0000000087500000|100%|HS|  |TAMS 0x0000000087500000, 0x0000000087400000| Complete 
| 117|0x0000000087500000, 0x0000000087600000, 0x0000000087600000|100%|HS|  |TAMS 0x0000000087600000, 0x0000000087500000| Complete 
| 118|0x0000000087600000, 0x0000000087700000, 0x0000000087700000|100%|HC|  |TAMS 0x0000000087700000, 0x0000000087600000| Complete 
| 119|0x0000000087700000, 0x0000000087800000, 0x0000000087800000|100%|HC|  |TAMS 0x0000000087800000, 0x0000000087700000| Complete 
| 120|0x0000000087800000, 0x0000000087900000, 0x0000000087900000|100%|HC|  |TAMS 0x0000000087900000, 0x0000000087800000| Complete 
| 121|0x0000000087900000, 0x0000000087a00000, 0x0000000087a00000|100%| O|  |TAMS 0x0000000087a00000, 0x0000000087900000| Untracked 
| 122|0x0000000087a00000, 0x0000000087b00000, 0x0000000087b00000|100%| O|  |TAMS 0x0000000087b00000, 0x0000000087a00000| Untracked 
| 123|0x0000000087b00000, 0x0000000087c00000, 0x0000000087c00000|100%| O|  |TAMS 0x0000000087c00000, 0x0000000087b00000| Untracked 
| 124|0x0000000087c00000, 0x0000000087d00000, 0x0000000087d00000|100%|HS|  |TAMS 0x0000000087d00000, 0x0000000087c00000| Complete 
| 125|0x0000000087d00000, 0x0000000087e00000, 0x0000000087e00000|100%| O|  |TAMS 0x0000000087e00000, 0x0000000087d00000| Untracked 
| 126|0x0000000087e00000, 0x0000000087f00000, 0x0000000087f00000|100%| O|  |TAMS 0x0000000087f00000, 0x0000000087e00000| Untracked 
| 127|0x0000000087f00000, 0x0000000088000000, 0x0000000088000000|100%| O|  |TAMS 0x0000000088000000, 0x0000000087f00000| Untracked 
| 128|0x0000000088000000, 0x0000000088100000, 0x0000000088100000|100%| O|  |TAMS 0x0000000088100000, 0x0000000088000000| Untracked 
| 129|0x0000000088100000, 0x0000000088200000, 0x0000000088200000|100%| O|  |TAMS 0x0000000088200000, 0x0000000088100000| Untracked 
| 130|0x0000000088200000, 0x0000000088300000, 0x0000000088300000|100%| O|  |TAMS 0x0000000088300000, 0x0000000088200000| Untracked 
| 131|0x0000000088300000, 0x0000000088400000, 0x0000000088400000|100%| O|  |TAMS 0x0000000088400000, 0x0000000088300000| Untracked 
| 132|0x0000000088400000, 0x0000000088500000, 0x0000000088500000|100%| O|  |TAMS 0x0000000088500000, 0x0000000088400000| Untracked 
| 133|0x0000000088500000, 0x0000000088600000, 0x0000000088600000|100%| O|  |TAMS 0x0000000088600000, 0x0000000088500000| Untracked 
| 134|0x0000000088600000, 0x0000000088700000, 0x0000000088700000|100%| O|  |TAMS 0x0000000088700000, 0x0000000088600000| Untracked 
| 135|0x0000000088700000, 0x0000000088800000, 0x0000000088800000|100%| O|  |TAMS 0x0000000088800000, 0x0000000088700000| Untracked 
| 136|0x0000000088800000, 0x0000000088900000, 0x0000000088900000|100%| O|  |TAMS 0x0000000088900000, 0x0000000088800000| Untracked 
| 137|0x0000000088900000, 0x0000000088a00000, 0x0000000088a00000|100%| O|  |TAMS 0x0000000088a00000, 0x0000000088900000| Untracked 
| 138|0x0000000088a00000, 0x0000000088b00000, 0x0000000088b00000|100%| O|  |TAMS 0x0000000088b00000, 0x0000000088a00000| Untracked 
| 139|0x0000000088b00000, 0x0000000088c00000, 0x0000000088c00000|100%| O|  |TAMS 0x0000000088c00000, 0x0000000088b00000| Untracked 
| 140|0x0000000088c00000, 0x0000000088d00000, 0x0000000088d00000|100%| O|  |TAMS 0x0000000088c00000, 0x0000000088c00000| Untracked 
| 141|0x0000000088d00000, 0x0000000088e00000, 0x0000000088e00000|100%| O|  |TAMS 0x0000000088d00000, 0x0000000088d00000| Untracked 
| 142|0x0000000088e00000, 0x0000000088f00000, 0x0000000088f00000|100%| O|  |TAMS 0x0000000088f00000, 0x0000000088e00000| Untracked 
| 143|0x0000000088f00000, 0x0000000089000000, 0x0000000089000000|100%| O|  |TAMS 0x0000000089000000, 0x0000000088f00000| Untracked 
| 144|0x0000000089000000, 0x0000000089100000, 0x0000000089100000|100%| O|  |TAMS 0x0000000089100000, 0x0000000089000000| Untracked 
| 145|0x0000000089100000, 0x0000000089200000, 0x0000000089200000|100%| O|  |TAMS 0x0000000089200000, 0x0000000089100000| Untracked 
| 146|0x0000000089200000, 0x0000000089300000, 0x0000000089300000|100%| O|  |TAMS 0x0000000089300000, 0x0000000089200000| Untracked 
| 147|0x0000000089300000, 0x0000000089400000, 0x0000000089400000|100%| O|  |TAMS 0x0000000089400000, 0x0000000089300000| Untracked 
| 148|0x0000000089400000, 0x0000000089500000, 0x0000000089500000|100%| O|  |TAMS 0x0000000089500000, 0x0000000089400000| Untracked 
| 149|0x0000000089500000, 0x0000000089600000, 0x0000000089600000|100%| O|  |TAMS 0x0000000089600000, 0x0000000089500000| Untracked 
| 150|0x0000000089600000, 0x0000000089700000, 0x0000000089700000|100%| O|  |TAMS 0x0000000089700000, 0x0000000089600000| Untracked 
| 151|0x0000000089700000, 0x0000000089800000, 0x0000000089800000|100%| O|  |TAMS 0x0000000089800000, 0x0000000089700000| Untracked 
| 152|0x0000000089800000, 0x0000000089900000, 0x0000000089900000|100%| O|  |TAMS 0x0000000089900000, 0x0000000089800000| Untracked 
| 153|0x0000000089900000, 0x0000000089a00000, 0x0000000089a00000|100%| O|  |TAMS 0x0000000089a00000, 0x0000000089900000| Untracked 
| 154|0x0000000089a00000, 0x0000000089b00000, 0x0000000089b00000|100%| O|  |TAMS 0x0000000089b00000, 0x0000000089a00000| Untracked 
| 155|0x0000000089b00000, 0x0000000089c00000, 0x0000000089c00000|100%| O|  |TAMS 0x0000000089c00000, 0x0000000089b00000| Untracked 
| 156|0x0000000089c00000, 0x0000000089d00000, 0x0000000089d00000|100%| O|  |TAMS 0x0000000089d00000, 0x0000000089c00000| Untracked 
| 157|0x0000000089d00000, 0x0000000089e00000, 0x0000000089e00000|100%| O|  |TAMS 0x0000000089e00000, 0x0000000089d00000| Untracked 
| 158|0x0000000089e00000, 0x0000000089f00000, 0x0000000089f00000|100%| O|  |TAMS 0x0000000089f00000, 0x0000000089e00000| Untracked 
| 159|0x0000000089f00000, 0x000000008a000000, 0x000000008a000000|100%| O|  |TAMS 0x000000008a000000, 0x0000000089f00000| Untracked 
| 160|0x000000008a000000, 0x000000008a100000, 0x000000008a100000|100%| O|  |TAMS 0x000000008a000000, 0x000000008a000000| Untracked 
| 161|0x000000008a100000, 0x000000008a200000, 0x000000008a200000|100%| O|  |TAMS 0x000000008a200000, 0x000000008a100000| Untracked 
| 162|0x000000008a200000, 0x000000008a300000, 0x000000008a300000|100%| O|  |TAMS 0x000000008a300000, 0x000000008a200000| Untracked 
| 163|0x000000008a300000, 0x000000008a400000, 0x000000008a400000|100%| O|  |TAMS 0x000000008a400000, 0x000000008a300000| Untracked 
| 164|0x000000008a400000, 0x000000008a500000, 0x000000008a500000|100%| O|  |TAMS 0x000000008a500000, 0x000000008a400000| Untracked 
| 165|0x000000008a500000, 0x000000008a600000, 0x000000008a600000|100%| O|  |TAMS 0x000000008a600000, 0x000000008a500000| Untracked 
| 166|0x000000008a600000, 0x000000008a700000, 0x000000008a700000|100%| O|  |TAMS 0x000000008a600000, 0x000000008a600000| Untracked 
| 167|0x000000008a700000, 0x000000008a800000, 0x000000008a800000|100%| O|  |TAMS 0x000000008a800000, 0x000000008a700000| Untracked 
| 168|0x000000008a800000, 0x000000008a900000, 0x000000008a900000|100%| O|  |TAMS 0x000000008a900000, 0x000000008a800000| Untracked 
| 169|0x000000008a900000, 0x000000008aa00000, 0x000000008aa00000|100%| O|  |TAMS 0x000000008aa00000, 0x000000008a900000| Untracked 
| 170|0x000000008aa00000, 0x000000008ab00000, 0x000000008ab00000|100%| O|  |TAMS 0x000000008ab00000, 0x000000008aa00000| Untracked 
| 171|0x000000008ab00000, 0x000000008ac00000, 0x000000008ac00000|100%| O|  |TAMS 0x000000008ac00000, 0x000000008ab00000| Untracked 
| 172|0x000000008ac00000, 0x000000008ad00000, 0x000000008ad00000|100%| O|  |TAMS 0x000000008ad00000, 0x000000008ac00000| Untracked 
| 173|0x000000008ad00000, 0x000000008ae00000, 0x000000008ae00000|100%| O|  |TAMS 0x000000008ad00000, 0x000000008ad00000| Untracked 
| 174|0x000000008ae00000, 0x000000008af00000, 0x000000008af00000|100%| O|  |TAMS 0x000000008af00000, 0x000000008ae00000| Untracked 
| 175|0x000000008af00000, 0x000000008b000000, 0x000000008b000000|100%| O|  |TAMS 0x000000008af75a00, 0x000000008af00000| Untracked 
| 176|0x000000008b000000, 0x000000008b100000, 0x000000008b100000|100%| O|  |TAMS 0x000000008b000000, 0x000000008b000000| Untracked 
| 177|0x000000008b100000, 0x000000008b200000, 0x000000008b200000|100%| O|  |TAMS 0x000000008b100000, 0x000000008b100000| Untracked 
| 178|0x000000008b200000, 0x000000008b300000, 0x000000008b300000|100%| O|  |TAMS 0x000000008b200000, 0x000000008b200000| Untracked 
| 179|0x000000008b300000, 0x000000008b400000, 0x000000008b400000|100%| O|  |TAMS 0x000000008b300000, 0x000000008b300000| Untracked 
| 180|0x000000008b400000, 0x000000008b500000, 0x000000008b500000|100%| O|  |TAMS 0x000000008b400000, 0x000000008b400000| Untracked 
| 181|0x000000008b500000, 0x000000008b600000, 0x000000008b600000|100%| O|  |TAMS 0x000000008b500000, 0x000000008b500000| Untracked 
| 182|0x000000008b600000, 0x000000008b700000, 0x000000008b700000|100%| O|  |TAMS 0x000000008b600000, 0x000000008b600000| Untracked 
| 183|0x000000008b700000, 0x000000008b800000, 0x000000008b800000|100%| O|  |TAMS 0x000000008b700000, 0x000000008b700000| Untracked 
| 184|0x000000008b800000, 0x000000008b900000, 0x000000008b900000|100%| O|  |TAMS 0x000000008b900000, 0x000000008b800000| Untracked 
| 185|0x000000008b900000, 0x000000008ba00000, 0x000000008ba00000|100%| O|  |TAMS 0x000000008b900000, 0x000000008b900000| Untracked 
| 186|0x000000008ba00000, 0x000000008bb00000, 0x000000008bb00000|100%| O|  |TAMS 0x000000008ba00000, 0x000000008ba00000| Untracked 
| 187|0x000000008bb00000, 0x000000008bc00000, 0x000000008bc00000|100%| O|  |TAMS 0x000000008bb00000, 0x000000008bb00000| Untracked 
| 188|0x000000008bc00000, 0x000000008bc00000, 0x000000008bd00000|  0%| F|  |TAMS 0x000000008bc00000, 0x000000008bc00000| Untracked 
| 189|0x000000008bd00000, 0x000000008bd00000, 0x000000008be00000|  0%| F|  |TAMS 0x000000008bd00000, 0x000000008bd00000| Untracked 
| 190|0x000000008be00000, 0x000000008be00000, 0x000000008bf00000|  0%| F|  |TAMS 0x000000008be00000, 0x000000008be00000| Untracked 
| 191|0x000000008bf00000, 0x000000008bf00000, 0x000000008c000000|  0%| F|  |TAMS 0x000000008bf00000, 0x000000008bf00000| Untracked 
| 192|0x000000008c000000, 0x000000008c000000, 0x000000008c100000|  0%| F|  |TAMS 0x000000008c000000, 0x000000008c000000| Untracked 
| 193|0x000000008c100000, 0x000000008c100000, 0x000000008c200000|  0%| F|  |TAMS 0x000000008c100000, 0x000000008c100000| Untracked 
| 194|0x000000008c200000, 0x000000008c200000, 0x000000008c300000|  0%| F|  |TAMS 0x000000008c200000, 0x000000008c200000| Untracked 
| 195|0x000000008c300000, 0x000000008c300000, 0x000000008c400000|  0%| F|  |TAMS 0x000000008c300000, 0x000000008c300000| Untracked 
| 196|0x000000008c400000, 0x000000008c400000, 0x000000008c500000|  0%| F|  |TAMS 0x000000008c400000, 0x000000008c400000| Untracked 
| 197|0x000000008c500000, 0x000000008c500000, 0x000000008c600000|  0%| F|  |TAMS 0x000000008c500000, 0x000000008c500000| Untracked 
| 198|0x000000008c600000, 0x000000008c600000, 0x000000008c700000|  0%| F|  |TAMS 0x000000008c600000, 0x000000008c600000| Untracked 
| 199|0x000000008c700000, 0x000000008c700000, 0x000000008c800000|  0%| F|  |TAMS 0x000000008c700000, 0x000000008c700000| Untracked 
| 200|0x000000008c800000, 0x000000008c800000, 0x000000008c900000|  0%| F|  |TAMS 0x000000008c800000, 0x000000008c800000| Untracked 
| 201|0x000000008c900000, 0x000000008c900000, 0x000000008ca00000|  0%| F|  |TAMS 0x000000008c900000, 0x000000008c900000| Untracked 
| 202|0x000000008ca00000, 0x000000008ca00000, 0x000000008cb00000|  0%| F|  |TAMS 0x000000008ca00000, 0x000000008ca00000| Untracked 
| 203|0x000000008cb00000, 0x000000008cb00000, 0x000000008cc00000|  0%| F|  |TAMS 0x000000008cb00000, 0x000000008cb00000| Untracked 
| 204|0x000000008cc00000, 0x000000008cc00000, 0x000000008cd00000|  0%| F|  |TAMS 0x000000008cc00000, 0x000000008cc00000| Untracked 
| 205|0x000000008cd00000, 0x000000008cd00000, 0x000000008ce00000|  0%| F|  |TAMS 0x000000008cd00000, 0x000000008cd00000| Untracked 
| 206|0x000000008ce00000, 0x000000008ce00000, 0x000000008cf00000|  0%| F|  |TAMS 0x000000008ce00000, 0x000000008ce00000| Untracked 
| 207|0x000000008cf00000, 0x000000008cf00000, 0x000000008d000000|  0%| F|  |TAMS 0x000000008cf00000, 0x000000008cf00000| Untracked 
| 208|0x000000008d000000, 0x000000008d000000, 0x000000008d100000|  0%| F|  |TAMS 0x000000008d000000, 0x000000008d000000| Untracked 
| 209|0x000000008d100000, 0x000000008d100000, 0x000000008d200000|  0%| F|  |TAMS 0x000000008d100000, 0x000000008d100000| Untracked 
| 210|0x000000008d200000, 0x000000008d200000, 0x000000008d300000|  0%| F|  |TAMS 0x000000008d200000, 0x000000008d200000| Untracked 
| 211|0x000000008d300000, 0x000000008d300000, 0x000000008d400000|  0%| F|  |TAMS 0x000000008d300000, 0x000000008d300000| Untracked 
| 212|0x000000008d400000, 0x000000008d400000, 0x000000008d500000|  0%| F|  |TAMS 0x000000008d400000, 0x000000008d400000| Untracked 
| 213|0x000000008d500000, 0x000000008d500000, 0x000000008d600000|  0%| F|  |TAMS 0x000000008d500000, 0x000000008d500000| Untracked 
| 214|0x000000008d600000, 0x000000008d600000, 0x000000008d700000|  0%| F|  |TAMS 0x000000008d600000, 0x000000008d600000| Untracked 
| 215|0x000000008d700000, 0x000000008d700000, 0x000000008d800000|  0%| F|  |TAMS 0x000000008d700000, 0x000000008d700000| Untracked 
| 216|0x000000008d800000, 0x000000008d800000, 0x000000008d900000|  0%| F|  |TAMS 0x000000008d800000, 0x000000008d800000| Untracked 
| 217|0x000000008d900000, 0x000000008d900000, 0x000000008da00000|  0%| F|  |TAMS 0x000000008d900000, 0x000000008d900000| Untracked 
| 218|0x000000008da00000, 0x000000008da00000, 0x000000008db00000|  0%| F|  |TAMS 0x000000008da00000, 0x000000008da00000| Untracked 
| 219|0x000000008db00000, 0x000000008db00000, 0x000000008dc00000|  0%| F|  |TAMS 0x000000008db00000, 0x000000008db00000| Untracked 
| 220|0x000000008dc00000, 0x000000008dc00000, 0x000000008dd00000|  0%| F|  |TAMS 0x000000008dc00000, 0x000000008dc00000| Untracked 
| 221|0x000000008dd00000, 0x000000008dd00000, 0x000000008de00000|  0%| F|  |TAMS 0x000000008dd00000, 0x000000008dd00000| Untracked 
| 222|0x000000008de00000, 0x000000008de00000, 0x000000008df00000|  0%| F|  |TAMS 0x000000008de00000, 0x000000008de00000| Untracked 
| 223|0x000000008df00000, 0x000000008df00000, 0x000000008e000000|  0%| F|  |TAMS 0x000000008df00000, 0x000000008df00000| Untracked 
| 224|0x000000008e000000, 0x000000008e000000, 0x000000008e100000|  0%| F|  |TAMS 0x000000008e000000, 0x000000008e000000| Untracked 
| 225|0x000000008e100000, 0x000000008e100000, 0x000000008e200000|  0%| F|  |TAMS 0x000000008e100000, 0x000000008e100000| Untracked 
| 226|0x000000008e200000, 0x000000008e200000, 0x000000008e300000|  0%| F|  |TAMS 0x000000008e200000, 0x000000008e200000| Untracked 
| 227|0x000000008e300000, 0x000000008e300000, 0x000000008e400000|  0%| F|  |TAMS 0x000000008e300000, 0x000000008e300000| Untracked 
| 228|0x000000008e400000, 0x000000008e400000, 0x000000008e500000|  0%| F|  |TAMS 0x000000008e400000, 0x000000008e400000| Untracked 
| 229|0x000000008e500000, 0x000000008e500000, 0x000000008e600000|  0%| F|  |TAMS 0x000000008e500000, 0x000000008e500000| Untracked 
| 230|0x000000008e600000, 0x000000008e600000, 0x000000008e700000|  0%| F|  |TAMS 0x000000008e600000, 0x000000008e600000| Untracked 
| 231|0x000000008e700000, 0x000000008e700000, 0x000000008e800000|  0%| F|  |TAMS 0x000000008e700000, 0x000000008e700000| Untracked 
| 232|0x000000008e800000, 0x000000008e800000, 0x000000008e900000|  0%| F|  |TAMS 0x000000008e800000, 0x000000008e800000| Untracked 
| 233|0x000000008e900000, 0x000000008e900000, 0x000000008ea00000|  0%| F|  |TAMS 0x000000008e900000, 0x000000008e900000| Untracked 
| 234|0x000000008ea00000, 0x000000008ea00000, 0x000000008eb00000|  0%| F|  |TAMS 0x000000008ea00000, 0x000000008ea00000| Untracked 
| 235|0x000000008eb00000, 0x000000008ec00000, 0x000000008ec00000|100%| S|CS|TAMS 0x000000008eb00000, 0x000000008eb00000| Complete 
| 236|0x000000008ec00000, 0x000000008ed00000, 0x000000008ed00000|100%| S|CS|TAMS 0x000000008ec00000, 0x000000008ec00000| Complete 
| 237|0x000000008ed00000, 0x000000008ed00000, 0x000000008ee00000|  0%| F|  |TAMS 0x000000008ed00000, 0x000000008ed00000| Untracked 
| 238|0x000000008ee00000, 0x000000008ee00000, 0x000000008ef00000|  0%| F|  |TAMS 0x000000008ee00000, 0x000000008ee00000| Untracked 
| 239|0x000000008ef00000, 0x000000008ef00000, 0x000000008f000000|  0%| F|  |TAMS 0x000000008ef00000, 0x000000008ef00000| Untracked 
| 240|0x000000008f000000, 0x000000008f000000, 0x000000008f100000|  0%| F|  |TAMS 0x000000008f000000, 0x000000008f000000| Untracked 
| 241|0x000000008f100000, 0x000000008f200000, 0x000000008f200000|100%| S|CS|TAMS 0x000000008f100000, 0x000000008f100000| Complete 
| 242|0x000000008f200000, 0x000000008f300000, 0x000000008f300000|100%| S|CS|TAMS 0x000000008f200000, 0x000000008f200000| Complete 
| 243|0x000000008f300000, 0x000000008f300000, 0x000000008f400000|  0%| F|  |TAMS 0x000000008f300000, 0x000000008f300000| Untracked 
| 244|0x000000008f400000, 0x000000008f400000, 0x000000008f500000|  0%| F|  |TAMS 0x000000008f400000, 0x000000008f400000| Untracked 
| 245|0x000000008f500000, 0x000000008f500000, 0x000000008f600000|  0%| F|  |TAMS 0x000000008f500000, 0x000000008f500000| Untracked 
| 246|0x000000008f600000, 0x000000008f600000, 0x000000008f700000|  0%| F|  |TAMS 0x000000008f600000, 0x000000008f600000| Untracked 
| 247|0x000000008f700000, 0x000000008f700000, 0x000000008f800000|  0%| F|  |TAMS 0x000000008f700000, 0x000000008f700000| Untracked 
| 248|0x000000008f800000, 0x000000008f800000, 0x000000008f900000|  0%| F|  |TAMS 0x000000008f800000, 0x000000008f800000| Untracked 
| 249|0x000000008f900000, 0x000000008f900000, 0x000000008fa00000|  0%| F|  |TAMS 0x000000008f900000, 0x000000008f900000| Untracked 
| 250|0x000000008fa00000, 0x000000008fa31db8, 0x000000008fb00000| 19%| E|  |TAMS 0x000000008fa00000, 0x000000008fa00000| Complete 
| 251|0x000000008fb00000, 0x000000008fc00000, 0x000000008fc00000|100%| E|CS|TAMS 0x000000008fb00000, 0x000000008fb00000| Complete 
| 252|0x000000008fc00000, 0x000000008fd00000, 0x000000008fd00000|100%| E|CS|TAMS 0x000000008fc00000, 0x000000008fc00000| Complete 
| 253|0x000000008fd00000, 0x000000008fe00000, 0x000000008fe00000|100%| E|CS|TAMS 0x000000008fd00000, 0x000000008fd00000| Complete 
| 254|0x000000008fe00000, 0x000000008ff00000, 0x000000008ff00000|100%| E|CS|TAMS 0x000000008fe00000, 0x000000008fe00000| Complete 
| 255|0x000000008ff00000, 0x0000000090000000, 0x0000000090000000|100%| E|CS|TAMS 0x000000008ff00000, 0x000000008ff00000| Complete 
| 256|0x0000000090000000, 0x0000000090100000, 0x0000000090100000|100%| E|CS|TAMS 0x0000000090000000, 0x0000000090000000| Complete 
| 257|0x0000000090100000, 0x0000000090200000, 0x0000000090200000|100%| E|CS|TAMS 0x0000000090100000, 0x0000000090100000| Complete 
| 258|0x0000000090200000, 0x0000000090300000, 0x0000000090300000|100%| E|CS|TAMS 0x0000000090200000, 0x0000000090200000| Complete 
| 259|0x0000000090300000, 0x0000000090400000, 0x0000000090400000|100%| E|CS|TAMS 0x0000000090300000, 0x0000000090300000| Complete 
| 260|0x0000000090400000, 0x0000000090500000, 0x0000000090500000|100%| E|CS|TAMS 0x0000000090400000, 0x0000000090400000| Complete 
| 261|0x0000000090500000, 0x0000000090600000, 0x0000000090600000|100%| E|CS|TAMS 0x0000000090500000, 0x0000000090500000| Complete 
| 262|0x0000000090600000, 0x0000000090700000, 0x0000000090700000|100%| E|CS|TAMS 0x0000000090600000, 0x0000000090600000| Complete 
| 263|0x0000000090700000, 0x0000000090800000, 0x0000000090800000|100%| E|CS|TAMS 0x0000000090700000, 0x0000000090700000| Complete 
| 264|0x0000000090800000, 0x0000000090900000, 0x0000000090900000|100%| E|CS|TAMS 0x0000000090800000, 0x0000000090800000| Complete 
| 265|0x0000000090900000, 0x0000000090a00000, 0x0000000090a00000|100%| E|CS|TAMS 0x0000000090900000, 0x0000000090900000| Complete 
| 266|0x0000000090a00000, 0x0000000090b00000, 0x0000000090b00000|100%| E|CS|TAMS 0x0000000090a00000, 0x0000000090a00000| Complete 
| 267|0x0000000090b00000, 0x0000000090c00000, 0x0000000090c00000|100%| E|CS|TAMS 0x0000000090b00000, 0x0000000090b00000| Complete 
| 268|0x0000000090c00000, 0x0000000090d00000, 0x0000000090d00000|100%| E|CS|TAMS 0x0000000090c00000, 0x0000000090c00000| Complete 
| 269|0x0000000090d00000, 0x0000000090e00000, 0x0000000090e00000|100%| E|CS|TAMS 0x0000000090d00000, 0x0000000090d00000| Complete 

Card table byte_map: [0x0000027e7b6d0000,0x0000027e7bad0000] _byte_map_base: 0x0000027e7b2d0000

Marking Bits (Prev, Next): (CMBitMap*) 0x0000027e777fb760, (CMBitMap*) 0x0000027e777fb728
 Prev Bits: [0x0000027e7ded0000, 0x0000027e7fed0000)
 Next Bits: [0x0000027e7bed0000, 0x0000027e7ded0000)

Polling page: 0x0000027e75770000

Metaspace:

Usage:
  Non-class:    113.16 MB capacity,   111.14 MB ( 98%) used,     1.64 MB (  1%) free+waste,   382.31 KB ( <1%) overhead. 
      Class:     16.96 MB capacity,    15.79 MB ( 93%) used,     1.01 MB (  6%) free+waste,   168.31 KB ( <1%) overhead. 
       Both:    130.12 MB capacity,   126.93 MB ( 98%) used,     2.65 MB (  2%) free+waste,   550.63 KB ( <1%) overhead. 

Virtual space:
  Non-class space:      114.00 MB reserved,     113.32 MB (>99%) committed 
      Class space:        1.00 GB reserved,      17.00 MB (  2%) committed 
             Both:        1.11 GB reserved,     130.32 MB ( 11%) committed 

Chunk freelists:
   Non-Class:  38.00 KB
       Class:  10.00 KB
        Both:  48.00 KB

MaxMetaspaceSize: 17179869184.00 GB
CompressedClassSpaceSize: 1.00 GB
Initial GC threshold: 20.80 MB
Current GC threshold: 214.29 MB
CDS: off

CodeHeap 'non-profiled nmethods': size=120064Kb used=12413Kb max_used=12738Kb free=107651Kb
 bounds [0x0000027e07ac0000, 0x0000027e08740000, 0x0000027e0f000000]
CodeHeap 'profiled nmethods': size=120000Kb used=38454Kb max_used=39181Kb free=81546Kb
 bounds [0x0000027e00590000, 0x0000027e02c70000, 0x0000027e07ac0000]
CodeHeap 'non-nmethods': size=5696Kb used=2486Kb max_used=2525Kb free=3209Kb
 bounds [0x0000027e00000000, 0x0000027e00290000, 0x0000027e00590000]
 total_blobs=17822 nmethods=16798 adapters=935
 compilation: enabled
              stopped_count=0, restarted_count=0
 full_count=0

Compilation events (20 events):
Event: 186.880 Thread 0x0000027e11409800 18360       2       com.android.tools.r8.internal.Bo::a (45 bytes)
Event: 186.880 Thread 0x0000027e11409800 nmethod 18360 0x0000027e00b0b490 code [0x0000027e00b0b660, 0x0000027e00b0b858]
Event: 186.888 Thread 0x0000027e11409800 18361       2       com.android.tools.r8.graph.n1::<init> (5 bytes)
Event: 186.888 Thread 0x0000027e11409800 nmethod 18361 0x0000027e00afd410 code [0x0000027e00afd5c0, 0x0000027e00afd6b8]
Event: 186.894 Thread 0x0000027e11409800 18362       2       com.android.tools.r8.graph.W0::get (2 bytes)
Event: 186.894 Thread 0x0000027e11409800 nmethod 18362 0x0000027e00b0b110 code [0x0000027e00b0b2c0, 0x0000027e00b0b3b8]
Event: 186.894 Thread 0x0000027e11409800 18363       2       com.android.tools.r8.graph.d::l (8 bytes)
Event: 186.894 Thread 0x0000027e11409800 nmethod 18363 0x0000027e00d23b10 code [0x0000027e00d23cc0, 0x0000027e00d23db8]
Event: 186.894 Thread 0x0000027e11409800 18364       2       com.android.tools.r8.graph.g::P (8 bytes)
Event: 186.894 Thread 0x0000027e11409800 nmethod 18364 0x0000027e00d23790 code [0x0000027e00d23940, 0x0000027e00d23a58]
Event: 186.895 Thread 0x0000027e11409800 18365       2       com.android.tools.r8.synthesis.u::a (469 bytes)
Event: 186.898 Thread 0x0000027e11409800 nmethod 18365 0x0000027e00a2fa90 code [0x0000027e00a2fde0, 0x0000027e00a30f18]
Event: 186.898 Thread 0x0000027e11409800 18367       2       com.android.tools.r8.graph.W0::S1 (10 bytes)
Event: 186.899 Thread 0x0000027e11409800 nmethod 18367 0x0000027e00d23410 code [0x0000027e00d235c0, 0x0000027e00d236d8]
Event: 186.899 Thread 0x0000027e11409800 18368       2       com.android.tools.r8.synthesis.u::d (22 bytes)
Event: 186.899 Thread 0x0000027e11409800 nmethod 18368 0x0000027e00d22f10 code [0x0000027e00d230c0, 0x0000027e00d23208]
Event: 186.899 Thread 0x0000027e11409800 18369       2       com.android.tools.r8.synthesis.u::c (22 bytes)
Event: 186.899 Thread 0x0000027e11409800 nmethod 18369 0x0000027e014be410 code [0x0000027e014be5c0, 0x0000027e014be708]
Event: 186.899 Thread 0x0000027e11409800 18366       2       com.android.tools.r8.graph.W0::O1 (16 bytes)
Event: 186.899 Thread 0x0000027e11409800 nmethod 18366 0x0000027e014be090 code [0x0000027e014be240, 0x0000027e014be358]

GC Heap History (20 events):
Event: 182.292 GC heap before
{Heap before GC invocations=144 (full 0):
 garbage-first heap   total 230400K, used 209320K [0x0000000080000000, 0x0000000100000000)
  region size 1024K, 21 young (21504K), 1 survivors (1024K)
 Metaspace       used 124923K, capacity 128052K, committed 128072K, reserved 1161216K
  class space    used 15487K, capacity 16620K, committed 16640K, reserved 1048576K
}
Event: 182.295 GC heap after
{Heap after GC invocations=145 (full 0):
 garbage-first heap   total 230400K, used 184309K [0x0000000080000000, 0x0000000100000000)
  region size 1024K, 1 young (1024K), 1 survivors (1024K)
 Metaspace       used 124923K, capacity 128052K, committed 128072K, reserved 1161216K
  class space    used 15487K, capacity 16620K, committed 16640K, reserved 1048576K
}
Event: 183.699 GC heap before
{Heap before GC invocations=146 (full 0):
 garbage-first heap   total 230400K, used 209909K [0x0000000080000000, 0x0000000100000000)
  region size 1024K, 19 young (19456K), 1 survivors (1024K)
 Metaspace       used 125626K, capacity 128777K, committed 129096K, reserved 1161216K
  class space    used 15602K, capacity 16775K, committed 16896K, reserved 1048576K
}
Event: 183.706 GC heap after
{Heap after GC invocations=147 (full 0):
 garbage-first heap   total 230400K, used 172794K [0x0000000080000000, 0x0000000100000000)
  region size 1024K, 3 young (3072K), 3 survivors (3072K)
 Metaspace       used 125626K, capacity 128777K, committed 129096K, reserved 1161216K
  class space    used 15602K, capacity 16775K, committed 16896K, reserved 1048576K
}
Event: 183.756 GC heap before
{Heap before GC invocations=147 (full 0):
 garbage-first heap   total 230400K, used 179962K [0x0000000080000000, 0x0000000100000000)
  region size 1024K, 12 young (12288K), 3 survivors (3072K)
 Metaspace       used 125640K, capacity 128779K, committed 129096K, reserved 1161216K
  class space    used 15602K, capacity 16775K, committed 16896K, reserved 1048576K
}
Event: 183.778 GC heap after
{Heap after GC invocations=148 (full 0):
 garbage-first heap   total 230400K, used 169283K [0x0000000080000000, 0x0000000100000000)
  region size 1024K, 2 young (2048K), 2 survivors (2048K)
 Metaspace       used 125640K, capacity 128779K, committed 129096K, reserved 1161216K
  class space    used 15602K, capacity 16775K, committed 16896K, reserved 1048576K
}
Event: 183.986 GC heap before
{Heap before GC invocations=148 (full 0):
 garbage-first heap   total 230400K, used 196931K [0x0000000080000000, 0x0000000100000000)
  region size 1024K, 28 young (28672K), 2 survivors (2048K)
 Metaspace       used 125672K, capacity 128848K, committed 129096K, reserved 1161216K
  class space    used 15605K, capacity 16776K, committed 16896K, reserved 1048576K
}
Event: 183.998 GC heap after
{Heap after GC invocations=149 (full 0):
 garbage-first heap   total 230400K, used 177028K [0x0000000080000000, 0x0000000100000000)
  region size 1024K, 4 young (4096K), 4 survivors (4096K)
 Metaspace       used 125672K, capacity 128848K, committed 129096K, reserved 1161216K
  class space    used 15605K, capacity 16776K, committed 16896K, reserved 1048576K
}
Event: 184.189 GC heap before
{Heap before GC invocations=149 (full 0):
 garbage-first heap   total 230400K, used 195460K [0x0000000080000000, 0x0000000100000000)
  region size 1024K, 23 young (23552K), 4 survivors (4096K)
 Metaspace       used 126119K, capacity 129276K, committed 129608K, reserved 1163264K
  class space    used 15658K, capacity 16812K, committed 16896K, reserved 1048576K
}
Event: 184.195 GC heap after
{Heap after GC invocations=150 (full 0):
 garbage-first heap   total 230400K, used 181819K [0x0000000080000000, 0x0000000100000000)
  region size 1024K, 3 young (3072K), 3 survivors (3072K)
 Metaspace       used 126119K, capacity 129276K, committed 129608K, reserved 1163264K
  class space    used 15658K, capacity 16812K, committed 16896K, reserved 1048576K
}
Event: 184.810 GC heap before
{Heap before GC invocations=150 (full 0):
 garbage-first heap   total 230400K, used 197179K [0x0000000080000000, 0x0000000100000000)
  region size 1024K, 19 young (19456K), 3 survivors (3072K)
 Metaspace       used 127374K, capacity 130600K, committed 130760K, reserved 1163264K
  class space    used 15825K, capacity 16999K, committed 17024K, reserved 1048576K
}
Event: 184.820 GC heap after
{Heap after GC invocations=151 (full 0):
 garbage-first heap   total 230400K, used 183766K [0x0000000080000000, 0x0000000100000000)
  region size 1024K, 3 young (3072K), 3 survivors (3072K)
 Metaspace       used 127374K, capacity 130600K, committed 130760K, reserved 1163264K
  class space    used 15825K, capacity 16999K, committed 17024K, reserved 1048576K
}
Event: 185.819 GC heap before
{Heap before GC invocations=152 (full 0):
 garbage-first heap   total 230400K, used 198102K [0x0000000080000000, 0x0000000100000000)
  region size 1024K, 17 young (17408K), 3 survivors (3072K)
 Metaspace       used 128839K, capacity 132061K, committed 132296K, reserved 1165312K
  class space    used 15997K, capacity 17189K, committed 17280K, reserved 1048576K
}
Event: 185.843 GC heap after
{Heap after GC invocations=153 (full 0):
 garbage-first heap   total 230400K, used 186306K [0x0000000080000000, 0x0000000100000000)
  region size 1024K, 3 young (3072K), 3 survivors (3072K)
 Metaspace       used 128839K, capacity 132061K, committed 132296K, reserved 1165312K
  class space    used 15997K, capacity 17189K, committed 17280K, reserved 1048576K
}
Event: 185.996 GC heap before
{Heap before GC invocations=153 (full 0):
 garbage-first heap   total 230400K, used 194498K [0x0000000080000000, 0x0000000100000000)
  region size 1024K, 11 young (11264K), 3 survivors (3072K)
 Metaspace       used 128868K, capacity 132127K, committed 132296K, reserved 1165312K
  class space    used 15999K, capacity 17189K, committed 17280K, reserved 1048576K
}
Event: 186.016 GC heap after
{Heap after GC invocations=154 (full 0):
 garbage-first heap   total 276480K, used 185067K [0x0000000080000000, 0x0000000100000000)
  region size 1024K, 2 young (2048K), 2 survivors (2048K)
 Metaspace       used 128868K, capacity 132127K, committed 132296K, reserved 1165312K
  class space    used 15999K, capacity 17189K, committed 17280K, reserved 1048576K
}
Event: 186.480 GC heap before
{Heap before GC invocations=154 (full 0):
 garbage-first heap   total 276480K, used 214763K [0x0000000080000000, 0x0000000100000000)
  region size 1024K, 31 young (31744K), 2 survivors (2048K)
 Metaspace       used 129056K, capacity 132268K, committed 132552K, reserved 1165312K
  class space    used 16014K, capacity 17191K, committed 17280K, reserved 1048576K
}
Event: 186.513 GC heap after
{Heap after GC invocations=155 (full 0):
 garbage-first heap   total 276480K, used 191862K [0x0000000080000000, 0x0000000100000000)
  region size 1024K, 4 young (4096K), 4 survivors (4096K)
 Metaspace       used 129056K, capacity 132268K, committed 132552K, reserved 1165312K
  class space    used 16014K, capacity 17191K, committed 17280K, reserved 1048576K
}
Event: 186.668 GC heap before
{Heap before GC invocations=155 (full 0):
 garbage-first heap   total 276480K, used 219510K [0x0000000080000000, 0x0000000100000000)
  region size 1024K, 31 young (31744K), 4 survivors (4096K)
 Metaspace       used 129310K, capacity 132531K, committed 132808K, reserved 1165312K
  class space    used 16052K, capacity 17257K, committed 17280K, reserved 1048576K
}
Event: 186.698 GC heap after
{Heap after GC invocations=156 (full 0):
 garbage-first heap   total 276480K, used 196607K [0x0000000080000000, 0x0000000100000000)
  region size 1024K, 4 young (4096K), 4 survivors (4096K)
 Metaspace       used 129310K, capacity 132531K, committed 132808K, reserved 1165312K
  class space    used 16052K, capacity 17257K, committed 17280K, reserved 1048576K
}

Deoptimization events (20 events):
Event: 185.501 Thread 0x0000027e15857000 Uncommon trap: trap_request=0xffffff4d fr.pc=0x0000027e0872fcb0 relative=0x0000000000000090
Event: 185.502 Thread 0x0000027e15857000 Uncommon trap: reason=unstable_if action=reinterpret pc=0x0000027e0872fcb0 method=com.android.tools.r8.internal.so.d(I)Z @ 45 c2
Event: 185.502 Thread 0x0000027e15857000 DEOPT PACKING pc=0x0000027e0872fcb0 sp=0x000000d5cbcf9f90
Event: 185.502 Thread 0x0000027e15857000 DEOPT UNPACKING pc=0x0000027e0004a1af sp=0x000000d5cbcf9ec0 mode 2
Event: 185.502 Thread 0x0000027e15857000 Uncommon trap: trap_request=0xffffff4d fr.pc=0x0000027e0872ffa4 relative=0x0000000000000084
Event: 185.502 Thread 0x0000027e15857000 Uncommon trap: reason=unstable_if action=reinterpret pc=0x0000027e0872ffa4 method=com.android.tools.r8.internal.so.d(I)Z @ 45 c2
Event: 185.502 Thread 0x0000027e15857000 DEOPT PACKING pc=0x0000027e0872ffa4 sp=0x000000d5cbcf9f20
Event: 185.502 Thread 0x0000027e15857000 DEOPT UNPACKING pc=0x0000027e0004a1af sp=0x000000d5cbcf9eb8 mode 2
Event: 185.904 Thread 0x0000027e1a094800 Uncommon trap: trap_request=0xffffff4d fr.pc=0x0000027e07d618e8 relative=0x0000000000001ae8
Event: 185.910 Thread 0x0000027e1a094800 Uncommon trap: reason=unstable_if action=reinterpret pc=0x0000027e07d618e8 method=com.android.tools.r8.internal.Gf.e(Ljava/lang/String;)[Ljava/lang/String; @ 27 c2
Event: 185.910 Thread 0x0000027e1a094800 DEOPT PACKING pc=0x0000027e07d618e8 sp=0x000000d5ce0f5730
Event: 185.910 Thread 0x0000027e1a094800 DEOPT UNPACKING pc=0x0000027e0004a1af sp=0x000000d5ce0f5720 mode 2
Event: 186.068 Thread 0x0000027e1430f000 DEOPT PACKING pc=0x0000027e00cffc4e sp=0x000000d5cbdf9ae0
Event: 186.068 Thread 0x0000027e1430f000 DEOPT UNPACKING pc=0x0000027e0004a95e sp=0x000000d5cbdf9068 mode 0
Event: 186.439 Thread 0x0000027e14313800 DEOPT PACKING pc=0x0000027e02be1141 sp=0x000000d5cc0f9de0
Event: 186.439 Thread 0x0000027e14313800 DEOPT UNPACKING pc=0x0000027e0004a95e sp=0x000000d5cc0f9708 mode 0
Event: 186.867 Thread 0x0000027e1a094800 Uncommon trap: trap_request=0xffffff4d fr.pc=0x0000027e07cd1c74 relative=0x0000000000002494
Event: 186.867 Thread 0x0000027e1a094800 Uncommon trap: reason=unstable_if action=reinterpret pc=0x0000027e07cd1c74 method=com.android.tools.r8.internal.Ra.a(Lcom/android/tools/r8/internal/e2;ILjava/lang/String;[C)I @ 81 c2
Event: 186.867 Thread 0x0000027e1a094800 DEOPT PACKING pc=0x0000027e07cd1c74 sp=0x000000d5ce0f5c20
Event: 186.867 Thread 0x0000027e1a094800 DEOPT UNPACKING pc=0x0000027e0004a1af sp=0x000000d5ce0f5bf0 mode 2

Classes redefined (0 events):
No events

Internal exceptions (20 events):
Event: 172.325 Thread 0x0000027e1a098000 Exception <a 'java/lang/NoSuchMethodError'{0x000000008cb76b50}: 'void java.lang.invoke.DirectMethodHandle$Holder.invokeStatic(java.lang.Object, java.lang.Object, java.lang.Object, int)'> (0x000000008cb76b50) thrown at [./src/hotspot/share/interpreter/linkResolver.cpp, line 773]
Event: 172.860 Thread 0x0000027e1a094800 Implicit null exception at 0x0000027e07f385e2 to 0x0000027e07f38e74
Event: 173.104 Thread 0x0000027e1a094800 Exception <a 'java/lang/ClassNotFoundException'{0x000000008cf22668}: sun/misc/SharedSecrets> (0x000000008cf22668) thrown at [./src/hotspot/share/classfile/systemDictionary.cpp, line 231]
Event: 173.334 Thread 0x0000027e1a094800 Exception <a 'sun/net/ConnectionResetException'{0x000000008cce4d18}: > (0x000000008cce4d18) thrown at [./src/hotspot/share/prims/jni.cpp, line 637]
Event: 173.334 Thread 0x0000027e1a094800 Exception <a 'java/net/SocketException'{0x000000008cce9640}: Connection reset by peer: socket write error> (0x000000008cce9640) thrown at [./src/hotspot/share/prims/jni.cpp, line 637]
Event: 173.624 Thread 0x0000027e1a094800 Exception <a 'sun/net/ConnectionResetException'{0x000000008e072a70}: > (0x000000008e072a70) thrown at [./src/hotspot/share/prims/jni.cpp, line 637]
Event: 173.624 Thread 0x0000027e1a094800 Exception <a 'java/net/SocketException'{0x000000008e077360}: Connection reset by peer: socket write error> (0x000000008e077360) thrown at [./src/hotspot/share/prims/jni.cpp, line 637]
Event: 179.761 Thread 0x0000027e1a094800 Implicit null exception at 0x0000027e082c6046 to 0x0000027e082c60dc
Event: 182.448 Thread 0x0000027e15853000 Exception <a 'java/lang/NoSuchMethodError'{0x000000008df0c7d0}: <clinit>> (0x000000008df0c7d0) thrown at [./src/hotspot/share/prims/jni.cpp, line 1366]
Event: 182.451 Thread 0x0000027e15853000 Exception <a 'java/lang/NoSuchMethodError'{0x000000008df165f0}: <clinit>> (0x000000008df165f0) thrown at [./src/hotspot/share/prims/jni.cpp, line 1366]
Event: 184.010 Thread 0x0000027e14313800 Exception <a 'sun/nio/fs/WindowsException'{0x000000008e0f8730}> (0x000000008e0f8730) thrown at [./src/hotspot/share/prims/jni.cpp, line 616]
Event: 184.012 Thread 0x0000027e1430f000 Exception <a 'sun/nio/fs/WindowsException'{0x000000008e02fd68}> (0x000000008e02fd68) thrown at [./src/hotspot/share/prims/jni.cpp, line 616]
Event: 184.304 Thread 0x0000027e14313800 Exception <a 'java/lang/NoSuchMethodError'{0x000000008daf4d10}: 'java.lang.Object java.lang.invoke.DirectMethodHandle$Holder.newInvokeSpecial(java.lang.Object, int)'> (0x000000008daf4d10) thrown at [./src/hotspot/share/interpreter/linkResolver.cpp, line 773]
Event: 184.380 Thread 0x0000027e15857000 Exception <a 'sun/nio/fs/WindowsException'{0x000000008d7986c0}> (0x000000008d7986c0) thrown at [./src/hotspot/share/prims/jni.cpp, line 616]
Event: 184.403 Thread 0x0000027e1a094800 Exception <a 'sun/nio/fs/WindowsException'{0x000000008d6c3260}> (0x000000008d6c3260) thrown at [./src/hotspot/share/prims/jni.cpp, line 616]
Event: 184.953 Thread 0x0000027e15857000 Exception <a 'java/lang/NoSuchMethodError'{0x000000008e0b7cd0}: 'java.lang.Object java.lang.invoke.DirectMethodHandle$Holder.invokeStaticInit(java.lang.Object, java.lang.Object, java.lang.Object, java.lang.Object, java.lang.Object, java.lang.Object, java.lang.Object, java.lang.Object, java.lang.Object, java.lang.Object, java.lang.Object, java.lang.Object, java.lang.Object, java.lang.Object, java.lang.Object, java.lang.Object, java.lang.Object, java.lang.Object, int, java.lang.Object, java.lang.Object)'> (0
Event: 185.036 Thread 0x0000027e14313800 Exception <a 'java/lang/IncompatibleClassChangeError'{0x000000008dfb1d00}: Found class java.lang.Object, but interface was expected> (0x000000008dfb1d00) thrown at [./src/hotspot/share/interpreter/linkResolver.cpp, line 839]
Event: 185.293 Thread 0x0000027e1a094800 Exception <a 'java/lang/NoSuchMethodError'{0x000000008db16580}: 'java.lang.Object java.lang.invoke.DirectMethodHandle$Holder.invokeStatic(java.lang.Object, long)'> (0x000000008db16580) thrown at [./src/hotspot/share/interpreter/linkResolver.cpp, line 773]
Event: 185.293 Thread 0x0000027e14313800 Exception <a 'java/lang/NoSuchMethodError'{0x000000008dc385e0}: 'java.lang.Object java.lang.invoke.DirectMethodHandle$Holder.invokeStatic(java.lang.Object, long)'> (0x000000008dc385e0) thrown at [./src/hotspot/share/interpreter/linkResolver.cpp, line 773]
Event: 186.935 Thread 0x0000027e1430f000 Exception <a 'java/lang/IncompatibleClassChangeError'{0x000000008fdf14e0}: Found class java.lang.Object, but interface was expected> (0x000000008fdf14e0) thrown at [./src/hotspot/share/interpreter/linkResolver.cpp, line 839]

Events (20 events):
Event: 186.973 loading class com/android/tools/r8/internal/z7
Event: 186.973 loading class com/android/tools/r8/internal/z7 done
Event: 186.974 loading class com/android/tools/r8/internal/d8
Event: 186.974 loading class com/android/tools/r8/internal/d8 done
Event: 186.975 loading class com/android/tools/r8/internal/P8
Event: 186.975 loading class com/android/tools/r8/internal/P8 done
Event: 186.977 loading class com/android/tools/r8/internal/f8
Event: 186.977 loading class com/android/tools/r8/internal/f8 done
Event: 186.979 loading class com/android/tools/r8/internal/jB
Event: 186.979 loading class com/android/tools/r8/internal/jB done
Event: 186.979 loading class com/android/tools/r8/internal/L7
Event: 186.979 loading class com/android/tools/r8/internal/L7 done
Event: 186.979 loading class com/android/tools/r8/internal/jB
Event: 186.979 loading class com/android/tools/r8/internal/jB done
Event: 186.979 loading class com/android/tools/r8/internal/jB
Event: 186.979 loading class com/android/tools/r8/internal/jB done
Event: 186.980 loading class com/android/tools/r8/internal/jB
Event: 186.980 loading class com/android/tools/r8/internal/jB done
Event: 186.981 loading class com/android/tools/r8/internal/g8
Event: 186.981 loading class com/android/tools/r8/internal/g8 done


Dynamic libraries:
0x00007ff758660000 - 0x00007ff75866a000 	C:\Program Files\Android\Android Studio\jre\bin\java.exe
0x00007ffe34250000 - 0x00007ffe34448000 	C:\WINDOWS\SYSTEM32\ntdll.dll
0x00007ffe32fe0000 - 0x00007ffe3309f000 	C:\WINDOWS\System32\KERNEL32.DLL
0x00007ffe31e90000 - 0x00007ffe32162000 	C:\WINDOWS\System32\KERNELBASE.dll
0x00007ffe2ec40000 - 0x00007ffe2ecd1000 	C:\WINDOWS\SYSTEM32\apphelp.dll
0x00007ffe31940000 - 0x00007ffe31a40000 	C:\WINDOWS\System32\ucrtbase.dll
0x00007ffe2a180000 - 0x00007ffe2a197000 	C:\Program Files\Android\Android Studio\jre\bin\VCRUNTIME140.dll
0x00007ffe2a160000 - 0x00007ffe2a179000 	C:\Program Files\Android\Android Studio\jre\bin\jli.dll
0x00007ffe32530000 - 0x00007ffe326d1000 	C:\WINDOWS\System32\USER32.dll
0x00007ffe31ad0000 - 0x00007ffe31af2000 	C:\WINDOWS\System32\win32u.dll
0x00007ffe20ae0000 - 0x00007ffe20d7a000 	C:\WINDOWS\WinSxS\amd64_microsoft.windows.common-controls_6595b64144ccf1df_6.0.19041.1110_none_60b5254171f9507e\COMCTL32.dll
0x00007ffe32430000 - 0x00007ffe324ce000 	C:\WINDOWS\System32\msvcrt.dll
0x00007ffe32fb0000 - 0x00007ffe32fdb000 	C:\WINDOWS\System32\GDI32.dll
0x00007ffe31c20000 - 0x00007ffe31d2f000 	C:\WINDOWS\System32\gdi32full.dll
0x00007ffe31b00000 - 0x00007ffe31b9d000 	C:\WINDOWS\System32\msvcp_win.dll
0x00007ffe32340000 - 0x00007ffe32372000 	C:\WINDOWS\System32\IMM32.DLL
0x00007ffe06e40000 - 0x00007ffe06edd000 	C:\Program Files\Android\Android Studio\jre\bin\msvcp140.dll
0x00007ffdebb90000 - 0x00007ffdec692000 	C:\Program Files\Android\Android Studio\jre\bin\server\jvm.dll
0x00007ffe33260000 - 0x00007ffe3330e000 	C:\WINDOWS\System32\ADVAPI32.dll
0x00007ffe33e90000 - 0x00007ffe33f2c000 	C:\WINDOWS\System32\sechost.dll
0x00007ffe32930000 - 0x00007ffe32a55000 	C:\WINDOWS\System32\RPCRT4.dll
0x00007ffe33b10000 - 0x00007ffe33b18000 	C:\WINDOWS\System32\PSAPI.DLL
0x00007ffe1cb50000 - 0x00007ffe1cb59000 	C:\WINDOWS\SYSTEM32\WSOCK32.dll
0x00007ffe20f30000 - 0x00007ffe20f57000 	C:\WINDOWS\SYSTEM32\WINMM.dll
0x00007ffe33110000 - 0x00007ffe3317b000 	C:\WINDOWS\System32\WS2_32.dll
0x00007ffe29ac0000 - 0x00007ffe29aca000 	C:\WINDOWS\SYSTEM32\VERSION.dll
0x00007ffe30190000 - 0x00007ffe301a2000 	C:\WINDOWS\SYSTEM32\kernel.appcore.dll
0x00007ffe2b8b0000 - 0x00007ffe2b8c1000 	C:\Program Files\Android\Android Studio\jre\bin\verify.dll
0x00007ffe2f6f0000 - 0x00007ffe2f8d4000 	C:\WINDOWS\SYSTEM32\DBGHELP.DLL
0x00007ffe19fd0000 - 0x00007ffe1a005000 	C:\WINDOWS\SYSTEM32\dbgcore.DLL
0x00007ffe31a40000 - 0x00007ffe31ac2000 	C:\WINDOWS\System32\bcryptPrimitives.dll
0x00007ffe07ce0000 - 0x00007ffe07d09000 	C:\Program Files\Android\Android Studio\jre\bin\java.dll
0x00007ffe2ceb0000 - 0x00007ffe2cebb000 	C:\Program Files\Android\Android Studio\jre\bin\jimage.dll
0x00007ffe2a1f0000 - 0x00007ffe2a208000 	C:\Program Files\Android\Android Studio\jre\bin\zip.dll
0x00007ffe33310000 - 0x00007ffe33a54000 	C:\WINDOWS\System32\SHELL32.dll
0x00007ffe2f8e0000 - 0x00007ffe30072000 	C:\WINDOWS\SYSTEM32\windows.storage.dll
0x00007ffe33b30000 - 0x00007ffe33e85000 	C:\WINDOWS\System32\combase.dll
0x00007ffe313a0000 - 0x00007ffe313d0000 	C:\WINDOWS\SYSTEM32\Wldp.dll
0x00007ffe32380000 - 0x00007ffe3242d000 	C:\WINDOWS\System32\SHCORE.dll
0x00007ffe32a60000 - 0x00007ffe32ab5000 	C:\WINDOWS\System32\shlwapi.dll
0x00007ffe31880000 - 0x00007ffe3189f000 	C:\WINDOWS\SYSTEM32\profapi.dll
0x00007ffe1c5b0000 - 0x00007ffe1c5ca000 	C:\Program Files\Android\Android Studio\jre\bin\net.dll
0x00007ffe28fb0000 - 0x00007ffe290bc000 	C:\WINDOWS\SYSTEM32\WINHTTP.dll
0x00007ffe31100000 - 0x00007ffe3116a000 	C:\WINDOWS\system32\mswsock.dll
0x00007ffe10c20000 - 0x00007ffe10c34000 	C:\Program Files\Android\Android Studio\jre\bin\nio.dll
0x00007ffe2b940000 - 0x00007ffe2b967000 	C:\Users\ASUS\.gradle\native\e1d6ef7f7dcc3fd88c89a11ec53ec762bb8ba0a96d01ffa2cd45eb1d1d8dd5c5\windows-amd64\native-platform.dll
0x00007ffe00d00000 - 0x00007ffe00e44000 	C:\Users\ASUS\.gradle\native\0d407fdbe67a94daf76414ababcb853783967236a71b16ec16e742cd7a986fd3\windows-amd64\native-platform-file-events.dll
0x00007ffe274c0000 - 0x00007ffe274ca000 	C:\Program Files\Android\Android Studio\jre\bin\management.dll
0x00007ffe1d660000 - 0x00007ffe1d66d000 	C:\Program Files\Android\Android Studio\jre\bin\management_ext.dll
0x00007ffe312f0000 - 0x00007ffe31308000 	C:\WINDOWS\SYSTEM32\CRYPTSP.dll
0x00007ffe309b0000 - 0x00007ffe309e4000 	C:\WINDOWS\system32\rsaenh.dll
0x00007ffe31ba0000 - 0x00007ffe31bc7000 	C:\WINDOWS\System32\bcrypt.dll
0x00007ffe31840000 - 0x00007ffe3186e000 	C:\WINDOWS\SYSTEM32\USERENV.dll
0x00007ffe31310000 - 0x00007ffe3131c000 	C:\WINDOWS\SYSTEM32\CRYPTBASE.dll
0x00007ffe30da0000 - 0x00007ffe30ddb000 	C:\WINDOWS\SYSTEM32\IPHLPAPI.DLL
0x00007ffe33b20000 - 0x00007ffe33b28000 	C:\WINDOWS\System32\NSI.dll
0x00007ffe29260000 - 0x00007ffe29277000 	C:\WINDOWS\SYSTEM32\dhcpcsvc6.DLL
0x00007ffe299b0000 - 0x00007ffe299cd000 	C:\WINDOWS\SYSTEM32\dhcpcsvc.DLL
0x00007ffe30de0000 - 0x00007ffe30eaa000 	C:\WINDOWS\SYSTEM32\DNSAPI.dll
0x00007ffe30ad0000 - 0x00007ffe30b03000 	C:\WINDOWS\SYSTEM32\ntmarta.dll
0x00007ffe07640000 - 0x00007ffe07667000 	C:\Program Files\Android\Android Studio\jre\bin\sunec.dll
0x00007ffe29c20000 - 0x00007ffe29c2a000 	C:\Windows\System32\rasadhlp.dll
0x00007ffe256d0000 - 0x00007ffe25750000 	C:\WINDOWS\System32\fwpuclnt.dll

dbghelp: loaded successfully - version: 4.0.5 - missing functions: none
symbol engine: initialized successfully - sym options: 0x614 - pdb path: .;C:\Program Files\Android\Android Studio\jre\bin;C:\WINDOWS\SYSTEM32;C:\WINDOWS\WinSxS\amd64_microsoft.windows.common-controls_6595b64144ccf1df_6.0.19041.1110_none_60b5254171f9507e;C:\Program Files\Android\Android Studio\jre\bin\server;C:\Users\ASUS\.gradle\native\e1d6ef7f7dcc3fd88c89a11ec53ec762bb8ba0a96d01ffa2cd45eb1d1d8dd5c5\windows-amd64;C:\Users\ASUS\.gradle\native\0d407fdbe67a94daf76414ababcb853783967236a71b16ec16e742cd7a986fd3\windows-amd64

VM Arguments:
jvm_args: --add-opens=java.base/java.util=ALL-UNNAMED --add-opens=java.base/java.lang=ALL-UNNAMED --add-opens=java.base/java.lang.invoke=ALL-UNNAMED --add-opens=java.base/java.util=ALL-UNNAMED --add-opens=java.prefs/java.util.prefs=ALL-UNNAMED --add-opens=java.prefs/java.util.prefs=ALL-UNNAMED --add-opens=java.base/java.nio.charset=ALL-UNNAMED --add-opens=java.base/java.net=ALL-UNNAMED --add-opens=java.base/java.util.concurrent.atomic=ALL-UNNAMED -Xmx2048m -Dfile.encoding=UTF-8 -Duser.country=US -Duser.language=en -Duser.variant 
java_command: org.gradle.launcher.daemon.bootstrap.GradleDaemon 7.4
java_class_path (initial): C:\Users\ASUS\.gradle\wrapper\dists\gradle-7.4-bin\c0gwcg53nkjbqw7r0h0umtfvt\gradle-7.4\lib\gradle-launcher-7.4.jar
Launcher Type: SUN_STANDARD

[Global flags]
     intx CICompilerCount                          = 3                                         {product} {ergonomic}
     uint ConcGCThreads                            = 1                                         {product} {ergonomic}
     uint G1ConcRefinementThreads                  = 4                                         {product} {ergonomic}
   size_t G1HeapRegionSize                         = 1048576                                   {product} {ergonomic}
    uintx GCDrainStackTargetSize                   = 64                                        {product} {ergonomic}
   size_t InitialHeapSize                          = 134217728                                 {product} {ergonomic}
   size_t MarkStackSize                            = 4194304                                   {product} {ergonomic}
   size_t MaxHeapSize                              = 2147483648                                {product} {command line}
   size_t MaxNewSize                               = 1287651328                                {product} {ergonomic}
   size_t MinHeapDeltaBytes                        = 1048576                                   {product} {ergonomic}
    uintx NonNMethodCodeHeapSize                   = 5830732                                {pd product} {ergonomic}
    uintx NonProfiledCodeHeapSize                  = 122913754                              {pd product} {ergonomic}
    uintx ProfiledCodeHeapSize                     = 122913754                              {pd product} {ergonomic}
    uintx ReservedCodeCacheSize                    = 251658240                              {pd product} {ergonomic}
     bool SegmentedCodeCache                       = true                                      {product} {ergonomic}
     bool UseCompressedClassPointers               = true                                 {lp64_product} {ergonomic}
     bool UseCompressedOops                        = true                                 {lp64_product} {ergonomic}
     bool UseG1GC                                  = true                                      {product} {ergonomic}
     bool UseLargePagesIndividualAllocation        = false                                  {pd product} {ergonomic}

Logging:
Log output configuration:
 #0: stdout all=warning uptime,level,tags
 #1: stderr all=off uptime,level,tags

Environment Variables:
JAVA_HOME=C:\Program Files\Java\jdk-13.0.2
PATH=C:\ProgramData\Oracle\Java\javapath;C:\Program Files (x86)\Common Files\Oracle\Java\javapath;C:\Program Files (x86)\Common Files\Intel\Shared Libraries\redist\intel64\compiler;C:\Program Files (x86)\Common Files\Intel\Shared Files\cpp\bin\Intel64;C:\Windows\system32;C:\Windows;C:\Windows\System32\Wbem;C:\Windows\System32\WindowsPowerShell\v1.0\;C:\Program Files (x86)\NVIDIA Corporation\PhysX\Common;C:\WINDOWS\system32;C:\WINDOWS;C:\WINDOWS\System32\Wbem;C:\WINDOWS\System32\WindowsPowerShell\v1.0\;C:\WINDOWS\System32\OpenSSH\;C:\mingw-w64\mingw64\bin;C:\Program Files (x86)\QuickTime Alternative\QTSystem;C:\Program Files\Java\jdk-13.0.2\bin;?D:\gradle-6.4\bin;C:\Program Files\Java\jdk-13.0.2\bin;C:\Windows\System32;C:\Program Files\PuTTY\;C:\laragon\bin\php\php-8.1.3-Win32-vs16-x64;C:\composer;C:\Ruby27-x64\bin;C:\oraclexe\app\oracle\product\10.2.0\server\bin;C:\Users\ASUS\AppData\Local\Microsoft\WindowsApps;C:\Users\ASUS\AppData\Local\Programs\Microsoft VS Cod;C:\Users\ASUS\AppData\Ro;C:\Program Files\dotnet;C:\Program Files\dotnet\;C:\Users\ASUS\AppData\Roaming\Composer\vendor\bin;D:\Program Files\MATHLAB\R2013a\runtime\win64;D:\Program Files\MATHLAB\R2013a\bin;C:\laragon\bin\nodejs\node-v16.14.2-win-x64;C:\Program Files\Git\cmd;C:\laragon\bin;C:\laragon\bin\apache\httpd-2.4.35-win64-VC15\bin;C:\laragon\bin\composer;C:\laragon\bin\git\bin;C:\laragon\bin\git\cmd;C:\laragon\bin\git\mingw64\bin;C:\laragon\bin\git\usr\bin;C:\laragon\bin\laragon\utils;C:\laragon\bin\mysql\mysql-5.7.24-winx64\bin;C:\laragon\bin\nginx\nginx-1.16.0;C:\laragon\bin\ngrok;C:\laragon\bin\notepad++;C:\laragon\bin\putty;C:\laragon\bin\redis\redis-x64-3.2.100;C:\laragon\bin\telnet;C:\laragon\usr\bin;C:\Users\ASUS\AppData\Local\Yarn\config\global\node_modules\.bin;C:\Users\ASUS\AppData\Roaming\npm;C:\Users\ASUS\AppData\Local\Programs\Python\Python310\Scripts\;C:\Users\ASUS\AppData\Local\Programs\Python\Python310\;C:\Users\ASUS\AppData\Local\Programs\Microsoft VS Code\bin
USERNAME=ASUS
OS=Windows_NT
PROCESSOR_IDENTIFIER=Intel64 Family 6 Model 78 Stepping 3, GenuineIntel



---------------  S Y S T E M  ---------------

OS: Windows 10 , 64 bit Build 19041 (10.0.19041.2251)
OS uptime: 4 days 16:19 hours

CPU:total 4 (initial active 4) (2 cores per cpu, 2 threads per core) family 6 model 78 stepping 3 microcode 0xcc, cmov, cx8, fxsr, mmx, sse, sse2, sse3, ssse3, sse4.1, sse4.2, popcnt, avx, avx2, aes, clmul, erms, 3dnowpref, lzcnt, ht, tsc, tscinvbit, bmi1, bmi2, adx, fma

Memory: 4k page, system-wide physical 8091M (350M free)
TotalPageFile size 10139M (AvailPageFile size 2M)
current process WorkingSet (physical memory assigned to process): 626M, peak: 626M
current process commit charge ("private bytes"): 675M, peak: 676M

vm_info: OpenJDK 64-Bit Server VM (11.0.13+0-b1751.21-8125866) for windows-amd64 JRE (11.0.13+0-b1751.21-8125866), built on Feb  2 2022 03:00:22 by "builder" with MS VC++ 14.0 (VS2015)

END.
